[ 2014-03-31T01:49:38+08:00 ] 112.95.86.63 /admin2/index.php?g=User&m=Product&a=index&dining=0&wxgjuid=15&wxgjpwd=96e79218965eb72c92a549dd5a330112&token=15
INFO: [ app_begin ] --START--
INFO: Run ReadHtmlCache Behavior [ RunTime:0.001744s ]
INFO: [ app_begin ] --END-- [ RunTime:0.001954s ]
NOTIC: [2] Cannot use a scalar value as an array /www/web/new/wx/public_html/admin2/Lib/Core/Action.class.php 第 206 行.
SQL: SHOW COLUMNS FROM `ai9me_user_qequest_log` [ RunTime:0.010980s ]
SQL: INSERT INTO `ai9me_user_qequest_log` (`host`,`parameter`,`ip`,`user_id`) VALUES ('GET /admin2/index.php?g=User&m=Product&a=index&dining=0&wxgjuid=15&wxgjpwd=96e79218965eb72c92a549dd5a330112&token=15 HTTP/1.0
','','183.60.211.120',null) [ RunTime:0.004185s ]
SQL: SHOW COLUMNS FROM `ai9me_users` [ RunTime:0.013959s ]
SQL: SELECT * FROM `ai9me_users` WHERE ( `username` = '15' ) LIMIT 1   [ RunTime:0.001192s ]
SQL: SHOW COLUMNS FROM `ai9me_user_group` [ RunTime:0.005795s ]
SQL: SELECT * FROM `ai9me_user_group` WHERE ( `id` = 7 ) LIMIT 1   [ RunTime:0.000631s ]
SQL: UPDATE `ai9me_users` SET `lasttime`=1396201778,`lastip`='183.60.211.120' WHERE ( `id` = 7 ) [ RunTime:0.000409s ]
SQL: SHOW COLUMNS FROM `ai9me_user_group` [ RunTime:0.001117s ]
SQL: SELECT * FROM `ai9me_user_group` WHERE ( `id` = 7 ) LIMIT 1   [ RunTime:0.003486s ]
SQL: SHOW COLUMNS FROM `ai9me_users` [ RunTime:0.001944s ]
SQL: SELECT * FROM `ai9me_users` WHERE ( `id` = 7 ) LIMIT 1   [ RunTime:0.000769s ]
SQL: SHOW COLUMNS FROM `ai9me_wxuser` [ RunTime:0.011252s ]
SQL: SELECT `wxname`,`wxid`,`headerpic` FROM `ai9me_wxuser` WHERE ( `token` = '15' ) AND ( `uid` = 7 ) LIMIT 1   [ RunTime:0.000523s ]
SQL: SHOW COLUMNS FROM `ai9me_token_open` [ RunTime:0.001255s ]
SQL: SELECT `queryname` FROM `ai9me_token_open` WHERE ( `token` = '15' ) LIMIT 1   [ RunTime:0.000993s ]
NOTIC: [8] Undefined index:  catid /www/web/new/wx/public_html/admin2/AI9ME/Lib/Action/User/ProductAction.class.php 第 23 行.
SQL: SHOW COLUMNS FROM `ai9me_product` [ RunTime:0.025183s ]
SQL: SHOW COLUMNS FROM `ai9me_product_cat` [ RunTime:0.014050s ]
SQL: SELECT COUNT(*) AS tp_count FROM `ai9me_product` WHERE ( `token` = '15' ) AND ( `dining` = 0 ) AND ( `groupon` <> 1 ) LIMIT 1   [ RunTime:0.000086s ]
SQL: SELECT * FROM `ai9me_product` WHERE ( `token` = '15' ) AND ( `dining` = 0 ) AND ( `groupon` <> 1 ) ORDER BY id desc LIMIT 0,20   [ RunTime:0.000102s ]
INFO: [ view_template ] --START--
INFO: Run LocationTemplate Behavior [ RunTime:-0.192068s ]
INFO: [ view_template ] --END-- [ RunTime:0.000810s ]
INFO: [ view_parse ] --START--
INFO: Run ParseTemplate Behavior [ RunTime:-0.192931s ]
INFO: [ view_parse ] --END-- [ RunTime:0.050013s ]
INFO: [ view_filter ] --START--
INFO: Run ContentReplace Behavior [ RunTime:-0.243124s ]
INFO: Run TokenBuild Behavior [ RunTime:-0.244210s ]
INFO: Run WriteHtmlCache Behavior [ RunTime:-0.244971s ]
INFO: Run ShowRuntime Behavior [ RunTime:-0.245641s ]
INFO: [ view_filter ] --END-- [ RunTime:0.003421s ]
INFO: [ view_end ] --START--
INFO: Run ShowPageTrace Behavior [ RunTime:-0.246578s ]
INFO: [ view_end ] --END-- [ RunTime:0.001055s ]

[ 2014-03-31T01:49:42+08:00 ] 112.95.86.63 /admin2/index.php?g=User&m=Product&a=pay&token=15&pay=1&dining=0
INFO: [ app_begin ] --START--
INFO: Run ReadHtmlCache Behavior [ RunTime:0.001143s ]
INFO: [ app_begin ] --END-- [ RunTime:0.001325s ]
NOTIC: [2] Cannot use a scalar value as an array /www/web/new/wx/public_html/admin2/Lib/Core/Action.class.php 第 206 行.
SQL: SHOW COLUMNS FROM `ai9me_user_qequest_log` [ RunTime:0.001510s ]
SQL: INSERT INTO `ai9me_user_qequest_log` (`host`,`parameter`,`ip`,`user_id`) VALUES ('GET /admin2/index.php?g=User&m=Product&a=pay&token=15&pay=1&dining=0 HTTP/1.0
','','183.60.211.120','7') [ RunTime:0.000399s ]
NOTIC: [8] Undefined index:  wxgjuid /www/web/new/wx/public_html/admin2/AI9ME/Lib/Action/UserAction.class.php 第 6 行.
NOTIC: [8] Undefined index:  wxgjpwd /www/web/new/wx/public_html/admin2/AI9ME/Lib/Action/UserAction.class.php 第 7 行.
SQL: SHOW COLUMNS FROM `ai9me_user_group` [ RunTime:0.001534s ]
SQL: SELECT * FROM `ai9me_user_group` WHERE ( `id` = 7 ) LIMIT 1   [ RunTime:0.000327s ]
SQL: SHOW COLUMNS FROM `ai9me_users` [ RunTime:0.002342s ]
SQL: SELECT * FROM `ai9me_users` WHERE ( `id` = 7 ) LIMIT 1   [ RunTime:0.000227s ]
SQL: SHOW COLUMNS FROM `ai9me_wxuser` [ RunTime:0.002278s ]
SQL: SELECT `wxname`,`wxid`,`headerpic` FROM `ai9me_wxuser` WHERE ( `token` = '15' ) AND ( `uid` = 7 ) LIMIT 1   [ RunTime:0.000172s ]
SQL: SHOW COLUMNS FROM `ai9me_token_open` [ RunTime:0.001203s ]
SQL: SELECT `queryname` FROM `ai9me_token_open` WHERE ( `token` = '15' ) LIMIT 1   [ RunTime:0.000224s ]
SQL: SHOW COLUMNS FROM `ai9me_pay_set` [ RunTime:0.013549s ]
SQL: SELECT * FROM `ai9me_pay_set` WHERE ( `token` = '15' ) LIMIT 1   [ RunTime:0.000252s ]
INFO: [ view_template ] --START--
INFO: Run LocationTemplate Behavior [ RunTime:-0.061725s ]
INFO: [ view_template ] --END-- [ RunTime:0.001543s ]
INFO: [ view_parse ] --START--
NOTIC: [8] Undefined variable: infoType /www/web/new/wx/public_html/admin2/Conf/logs/Cache/User/d8c68fa7afe2c056c8f799e46b2ccca6.php 第 26 行.
NOTIC: [8] Undefined variable: infoType /www/web/new/wx/public_html/admin2/Conf/logs/Cache/User/d8c68fa7afe2c056c8f799e46b2ccca6.php 第 31 行.
INFO: Run ParseTemplate Behavior [ RunTime:-0.063656s ]
INFO: [ view_parse ] --END-- [ RunTime:0.046982s ]
INFO: [ view_filter ] --START--
INFO: Run ContentReplace Behavior [ RunTime:-0.110752s ]
INFO: Run TokenBuild Behavior [ RunTime:-0.111752s ]
INFO: Run WriteHtmlCache Behavior [ RunTime:-0.113008s ]
INFO: Run ShowRuntime Behavior [ RunTime:-0.113624s ]
INFO: [ view_filter ] --END-- [ RunTime:0.004110s ]
INFO: [ view_end ] --START--
INFO: Run ShowPageTrace Behavior [ RunTime:-0.115080s ]
INFO: [ view_end ] --END-- [ RunTime:0.002320s ]

[ 2014-03-31T01:49:44+08:00 ] 112.95.86.63 /admin2/index.php?g=User&m=Product&a=orders&token=15&dining=0
INFO: [ app_begin ] --START--
INFO: Run ReadHtmlCache Behavior [ RunTime:0.001305s ]
INFO: [ app_begin ] --END-- [ RunTime:0.001511s ]
NOTIC: [2] Cannot use a scalar value as an array /www/web/new/wx/public_html/admin2/Lib/Core/Action.class.php 第 206 行.
SQL: SHOW COLUMNS FROM `ai9me_user_qequest_log` [ RunTime:0.001348s ]
SQL: INSERT INTO `ai9me_user_qequest_log` (`host`,`parameter`,`ip`,`user_id`) VALUES ('GET /admin2/index.php?g=User&m=Product&a=orders&token=15&dining=0 HTTP/1.0
','','183.60.211.120','7') [ RunTime:0.000492s ]
NOTIC: [8] Undefined index:  wxgjuid /www/web/new/wx/public_html/admin2/AI9ME/Lib/Action/UserAction.class.php 第 6 行.
NOTIC: [8] Undefined index:  wxgjpwd /www/web/new/wx/public_html/admin2/AI9ME/Lib/Action/UserAction.class.php 第 7 行.
SQL: SHOW COLUMNS FROM `ai9me_user_group` [ RunTime:0.001406s ]
SQL: SELECT * FROM `ai9me_user_group` WHERE ( `id` = 7 ) LIMIT 1   [ RunTime:0.000148s ]
SQL: SHOW COLUMNS FROM `ai9me_users` [ RunTime:0.001664s ]
SQL: SELECT * FROM `ai9me_users` WHERE ( `id` = 7 ) LIMIT 1   [ RunTime:0.000151s ]
SQL: SHOW COLUMNS FROM `ai9me_wxuser` [ RunTime:0.001935s ]
SQL: SELECT `wxname`,`wxid`,`headerpic` FROM `ai9me_wxuser` WHERE ( `token` = '15' ) AND ( `uid` = 7 ) LIMIT 1   [ RunTime:0.000168s ]
SQL: SHOW COLUMNS FROM `ai9me_token_open` [ RunTime:0.001742s ]
SQL: SELECT `queryname` FROM `ai9me_token_open` WHERE ( `token` = '15' ) LIMIT 1   [ RunTime:0.000333s ]
SQL: SHOW COLUMNS FROM `ai9me_product_cart` [ RunTime:0.014726s ]
SQL: SELECT COUNT(*) AS tp_count FROM `ai9me_product_cart` WHERE ( `token` = '15' ) AND ( `dining` = 0 ) AND ( `groupon` <> 1 ) LIMIT 1   [ RunTime:0.000204s ]
SQL: SELECT * FROM `ai9me_product_cart` WHERE ( `token` = '15' ) AND ( `dining` = 0 ) AND ( `groupon` <> 1 ) ORDER BY time DESC LIMIT 0,20   [ RunTime:0.000238s ]
SQL: SELECT COUNT(*) AS tp_count FROM `ai9me_product_cart` WHERE ( `token` = '15' ) AND ( `handled` = 0 ) LIMIT 1   [ RunTime:0.000162s ]
INFO: [ view_template ] --START--
INFO: Run LocationTemplate Behavior [ RunTime:-0.065331s ]
INFO: [ view_template ] --END-- [ RunTime:0.000989s ]
INFO: [ view_parse ] --START--
NOTIC: [8] Undefined variable: parentid /www/web/new/wx/public_html/admin2/Conf/logs/Cache/User/4b19776bd623a9dcbd0986b3f3bcc1dd.php 第 50 行.
NOTIC: [8] Undefined variable: parentid /www/web/new/wx/public_html/admin2/Conf/logs/Cache/User/4b19776bd623a9dcbd0986b3f3bcc1dd.php 第 50 行.
INFO: Run ParseTemplate Behavior [ RunTime:-0.066389s ]
INFO: [ view_parse ] --END-- [ RunTime:0.049172s ]
INFO: [ view_filter ] --START--
INFO: Run ContentReplace Behavior [ RunTime:-0.115716s ]
INFO: Run TokenBuild Behavior [ RunTime:-0.116888s ]
INFO: Run WriteHtmlCache Behavior [ RunTime:-0.117880s ]
INFO: Run ShowRuntime Behavior [ RunTime:-0.118525s ]
INFO: [ view_filter ] --END-- [ RunTime:0.004018s ]
INFO: [ view_end ] --START--
INFO: Run ShowPageTrace Behavior [ RunTime:-0.119899s ]
INFO: [ view_end ] --END-- [ RunTime:0.002252s ]

[ 2014-03-31T01:49:45+08:00 ] 112.95.86.63 /admin2/index.php?g=User&m=Product&a=cats&token=15&dining=0
INFO: [ app_begin ] --START--
INFO: Run ReadHtmlCache Behavior [ RunTime:0.000522s ]
INFO: [ app_begin ] --END-- [ RunTime:0.000635s ]
NOTIC: [2] Cannot use a scalar value as an array /www/web/new/wx/public_html/admin2/Lib/Core/Action.class.php 第 206 行.
SQL: SHOW COLUMNS FROM `ai9me_user_qequest_log` [ RunTime:0.001093s ]
SQL: INSERT INTO `ai9me_user_qequest_log` (`host`,`parameter`,`ip`,`user_id`) VALUES ('GET /admin2/index.php?g=User&m=Product&a=cats&token=15&dining=0 HTTP/1.0
','','183.60.211.120','7') [ RunTime:0.000196s ]
NOTIC: [8] Undefined index:  wxgjuid /www/web/new/wx/public_html/admin2/AI9ME/Lib/Action/UserAction.class.php 第 6 行.
NOTIC: [8] Undefined index:  wxgjpwd /www/web/new/wx/public_html/admin2/AI9ME/Lib/Action/UserAction.class.php 第 7 行.
SQL: SHOW COLUMNS FROM `ai9me_user_group` [ RunTime:0.001070s ]
SQL: SELECT * FROM `ai9me_user_group` WHERE ( `id` = 7 ) LIMIT 1   [ RunTime:0.000189s ]
SQL: SHOW COLUMNS FROM `ai9me_users` [ RunTime:0.001866s ]
SQL: SELECT * FROM `ai9me_users` WHERE ( `id` = 7 ) LIMIT 1   [ RunTime:0.000267s ]
SQL: SHOW COLUMNS FROM `ai9me_wxuser` [ RunTime:0.001623s ]
SQL: SELECT `wxname`,`wxid`,`headerpic` FROM `ai9me_wxuser` WHERE ( `token` = '15' ) AND ( `uid` = 7 ) LIMIT 1   [ RunTime:0.000266s ]
SQL: SHOW COLUMNS FROM `ai9me_token_open` [ RunTime:0.000974s ]
SQL: SELECT `queryname` FROM `ai9me_token_open` WHERE ( `token` = '15' ) LIMIT 1   [ RunTime:0.000194s ]
NOTIC: [8] Undefined index:  parentid /www/web/new/wx/public_html/admin2/AI9ME/Lib/Action/User/ProductAction.class.php 第 111 行.
SQL: SHOW COLUMNS FROM `ai9me_product_cat` [ RunTime:0.001175s ]
SQL: SELECT COUNT(*) AS tp_count FROM `ai9me_product_cat` WHERE ( `parentid` = 0 ) AND ( `token` = '15' ) AND ( `dining` = 0 ) LIMIT 1   [ RunTime:0.000188s ]
SQL: SELECT * FROM `ai9me_product_cat` WHERE ( `parentid` = 0 ) AND ( `token` = '15' ) AND ( `dining` = 0 ) LIMIT 0,20   [ RunTime:0.000186s ]
NOTIC: [8] Undefined variable: parentCat /www/web/new/wx/public_html/admin2/AI9ME/Lib/Action/User/ProductAction.class.php 第 139 行.
INFO: [ view_template ] --START--
INFO: Run LocationTemplate Behavior [ RunTime:-0.032483s ]
INFO: [ view_template ] --END-- [ RunTime:0.000619s ]
INFO: [ view_parse ] --START--
INFO: Run ParseTemplate Behavior [ RunTime:-0.033237s ]
INFO: [ view_parse ] --END-- [ RunTime:0.022006s ]
INFO: [ view_filter ] --START--
INFO: Run ContentReplace Behavior [ RunTime:-0.055331s ]
INFO: Run TokenBuild Behavior [ RunTime:-0.056006s ]
INFO: Run WriteHtmlCache Behavior [ RunTime:-0.056874s ]
INFO: Run ShowRuntime Behavior [ RunTime:-0.057477s ]
INFO: [ view_filter ] --END-- [ RunTime:0.002711s ]
INFO: [ view_end ] --START--
INFO: Run ShowPageTrace Behavior [ RunTime:-0.058130s ]
INFO: [ view_end ] --END-- [ RunTime:0.001184s ]

[ 2014-03-31T01:49:46+08:00 ] 112.95.86.63 /admin2/index.php?g=User&m=Product&a=index&token=15&dining=0
INFO: [ app_begin ] --START--
INFO: Run ReadHtmlCache Behavior [ RunTime:0.001071s ]
INFO: [ app_begin ] --END-- [ RunTime:0.001289s ]
NOTIC: [2] Cannot use a scalar value as an array /www/web/new/wx/public_html/admin2/Lib/Core/Action.class.php 第 206 行.
SQL: SHOW COLUMNS FROM `ai9me_user_qequest_log` [ RunTime:0.001158s ]
SQL: INSERT INTO `ai9me_user_qequest_log` (`host`,`parameter`,`ip`,`user_id`) VALUES ('GET /admin2/index.php?g=User&m=Product&a=index&token=15&dining=0 HTTP/1.0
','','183.60.211.120','7') [ RunTime:0.000264s ]
NOTIC: [8] Undefined index:  wxgjuid /www/web/new/wx/public_html/admin2/AI9ME/Lib/Action/UserAction.class.php 第 6 行.
NOTIC: [8] Undefined index:  wxgjpwd /www/web/new/wx/public_html/admin2/AI9ME/Lib/Action/UserAction.class.php 第 7 行.
SQL: SHOW COLUMNS FROM `ai9me_user_group` [ RunTime:0.000843s ]
SQL: SELECT * FROM `ai9me_user_group` WHERE ( `id` = 7 ) LIMIT 1   [ RunTime:0.000109s ]
SQL: SHOW COLUMNS FROM `ai9me_users` [ RunTime:0.001118s ]
SQL: SELECT * FROM `ai9me_users` WHERE ( `id` = 7 ) LIMIT 1   [ RunTime:0.000273s ]
SQL: SHOW COLUMNS FROM `ai9me_wxuser` [ RunTime:0.001111s ]
SQL: SELECT `wxname`,`wxid`,`headerpic` FROM `ai9me_wxuser` WHERE ( `token` = '15' ) AND ( `uid` = 7 ) LIMIT 1   [ RunTime:0.000075s ]
SQL: SHOW COLUMNS FROM `ai9me_token_open` [ RunTime:0.000685s ]
SQL: SELECT `queryname` FROM `ai9me_token_open` WHERE ( `token` = '15' ) LIMIT 1   [ RunTime:0.000074s ]
NOTIC: [8] Undefined index:  catid /www/web/new/wx/public_html/admin2/AI9ME/Lib/Action/User/ProductAction.class.php 第 23 行.
SQL: SHOW COLUMNS FROM `ai9me_product` [ RunTime:0.000984s ]
SQL: SHOW COLUMNS FROM `ai9me_product_cat` [ RunTime:0.000619s ]
SQL: SELECT COUNT(*) AS tp_count FROM `ai9me_product` WHERE ( `token` = '15' ) AND ( `dining` = 0 ) AND ( `groupon` <> 1 ) LIMIT 1   [ RunTime:0.000092s ]
SQL: SELECT * FROM `ai9me_product` WHERE ( `token` = '15' ) AND ( `dining` = 0 ) AND ( `groupon` <> 1 ) ORDER BY id desc LIMIT 0,20   [ RunTime:0.000176s ]
INFO: [ view_template ] --START--
INFO: Run LocationTemplate Behavior [ RunTime:-0.036702s ]
INFO: [ view_template ] --END-- [ RunTime:0.000839s ]
INFO: [ view_parse ] --START--
INFO: Run ParseTemplate Behavior [ RunTime:-0.037621s ]
INFO: [ view_parse ] --END-- [ RunTime:0.017541s ]
INFO: [ view_filter ] --START--
INFO: Run ContentReplace Behavior [ RunTime:-0.055197s ]
INFO: Run TokenBuild Behavior [ RunTime:-0.055602s ]
INFO: Run WriteHtmlCache Behavior [ RunTime:-0.056117s ]
INFO: Run ShowRuntime Behavior [ RunTime:-0.056413s ]
INFO: [ view_filter ] --END-- [ RunTime:0.002093s ]
INFO: [ view_end ] --START--
INFO: Run ShowPageTrace Behavior [ RunTime:-0.057397s ]
INFO: [ view_end ] --END-- [ RunTime:0.001025s ]

[ 2014-03-31T10:04:09+08:00 ] 111.173.229.190 /admin2/index.php?g=User&m=Product&a=index&dining=0&wxgjuid=15&wxgjpwd=96e79218965eb72c92a549dd5a330112&token=15
INFO: [ app_begin ] --START--
INFO: Run ReadHtmlCache Behavior [ RunTime:0.000605s ]
INFO: [ app_begin ] --END-- [ RunTime:0.000733s ]
NOTIC: [2] Cannot use a scalar value as an array /www/web/new/wx/public_html/admin2/Lib/Core/Action.class.php 第 206 行.
SQL: SHOW COLUMNS FROM `ai9me_user_qequest_log` [ RunTime:0.017840s ]
SQL: INSERT INTO `ai9me_user_qequest_log` (`host`,`parameter`,`ip`,`user_id`) VALUES ('GET /admin2/index.php?g=User&m=Product&a=index&dining=0&wxgjuid=15&wxgjpwd=96e79218965eb72c92a549dd5a330112&token=15 HTTP/1.0
','','202.102.85.16',null) [ RunTime:0.000595s ]
SQL: SHOW COLUMNS FROM `ai9me_users` [ RunTime:0.014993s ]
SQL: SELECT * FROM `ai9me_users` WHERE ( `username` = '15' ) LIMIT 1   [ RunTime:0.000980s ]
SQL: SHOW COLUMNS FROM `ai9me_user_group` [ RunTime:0.019414s ]
SQL: SELECT * FROM `ai9me_user_group` WHERE ( `id` = 7 ) LIMIT 1   [ RunTime:0.000154s ]
SQL: UPDATE `ai9me_users` SET `lasttime`=1396231449,`lastip`='202.102.85.16' WHERE ( `id` = 7 ) [ RunTime:0.000609s ]
SQL: SHOW COLUMNS FROM `ai9me_user_group` [ RunTime:0.001045s ]
SQL: SELECT * FROM `ai9me_user_group` WHERE ( `id` = 7 ) LIMIT 1   [ RunTime:0.000224s ]
SQL: SHOW COLUMNS FROM `ai9me_users` [ RunTime:0.001684s ]
SQL: SELECT * FROM `ai9me_users` WHERE ( `id` = 7 ) LIMIT 1   [ RunTime:0.000839s ]
SQL: SHOW COLUMNS FROM `ai9me_wxuser` [ RunTime:0.004800s ]
SQL: SELECT `wxname`,`wxid`,`headerpic` FROM `ai9me_wxuser` WHERE ( `token` = '15' ) AND ( `uid` = 7 ) LIMIT 1   [ RunTime:0.000279s ]
SQL: SHOW COLUMNS FROM `ai9me_token_open` [ RunTime:0.010744s ]
SQL: SELECT `queryname` FROM `ai9me_token_open` WHERE ( `token` = '15' ) LIMIT 1   [ RunTime:0.000236s ]
NOTIC: [8] Undefined index:  catid /www/web/new/wx/public_html/admin2/AI9ME/Lib/Action/User/ProductAction.class.php 第 23 行.
SQL: SHOW COLUMNS FROM `ai9me_product` [ RunTime:0.026275s ]
SQL: SHOW COLUMNS FROM `ai9me_product_cat` [ RunTime:0.016743s ]
SQL: SELECT COUNT(*) AS tp_count FROM `ai9me_product` WHERE ( `token` = '15' ) AND ( `dining` = 0 ) AND ( `groupon` <> 1 ) LIMIT 1   [ RunTime:0.000261s ]
SQL: SELECT * FROM `ai9me_product` WHERE ( `token` = '15' ) AND ( `dining` = 0 ) AND ( `groupon` <> 1 ) ORDER BY id desc LIMIT 0,20   [ RunTime:0.000322s ]
INFO: [ view_template ] --START--
INFO: Run LocationTemplate Behavior [ RunTime:-0.152351s ]
INFO: [ view_template ] --END-- [ RunTime:0.000818s ]
INFO: [ view_parse ] --START--
INFO: Run ParseTemplate Behavior [ RunTime:-0.153208s ]
INFO: [ view_parse ] --END-- [ RunTime:0.028311s ]
INFO: [ view_filter ] --START--
INFO: Run ContentReplace Behavior [ RunTime:-0.181598s ]
INFO: Run TokenBuild Behavior [ RunTime:-0.182788s ]
INFO: Run WriteHtmlCache Behavior [ RunTime:-0.183820s ]
INFO: Run ShowRuntime Behavior [ RunTime:-0.184525s ]
INFO: [ view_filter ] --END-- [ RunTime:0.003936s ]
INFO: [ view_end ] --START--
INFO: Run ShowPageTrace Behavior [ RunTime:-0.185840s ]
INFO: [ view_end ] --END-- [ RunTime:0.001174s ]

[ 2014-03-31T10:18:43+08:00 ] 124.114.166.132 /admin2/index.php?g=User&m=Product&a=index&dining=0&wxgjuid=15&wxgjpwd=96e79218965eb72c92a549dd5a330112&token=15
INFO: [ app_begin ] --START--
INFO: Run ReadHtmlCache Behavior [ RunTime:0.001009s ]
INFO: [ app_begin ] --END-- [ RunTime:0.001259s ]
NOTIC: [2] Cannot use a scalar value as an array /www/web/new/wx/public_html/admin2/Lib/Core/Action.class.php 第 206 行.
SQL: SHOW COLUMNS FROM `ai9me_user_qequest_log` [ RunTime:0.001905s ]
SQL: INSERT INTO `ai9me_user_qequest_log` (`host`,`parameter`,`ip`,`user_id`) VALUES ('GET /admin2/index.php?g=User&m=Product&a=index&dining=0&wxgjuid=15&wxgjpwd=96e79218965eb72c92a549dd5a330112&token=15 HTTP/1.0
','','202.102.85.18',null) [ RunTime:0.000453s ]
SQL: SHOW COLUMNS FROM `ai9me_users` [ RunTime:0.001507s ]
SQL: SELECT * FROM `ai9me_users` WHERE ( `username` = '15' ) LIMIT 1   [ RunTime:0.000503s ]
SQL: SHOW COLUMNS FROM `ai9me_user_group` [ RunTime:0.001059s ]
SQL: SELECT * FROM `ai9me_user_group` WHERE ( `id` = 7 ) LIMIT 1   [ RunTime:0.000133s ]
SQL: UPDATE `ai9me_users` SET `lasttime`=1396232323,`lastip`='202.102.85.18' WHERE ( `id` = 7 ) [ RunTime:0.000404s ]
SQL: SHOW COLUMNS FROM `ai9me_user_group` [ RunTime:0.000793s ]
SQL: SELECT * FROM `ai9me_user_group` WHERE ( `id` = 7 ) LIMIT 1   [ RunTime:0.000115s ]
SQL: SHOW COLUMNS FROM `ai9me_users` [ RunTime:0.001241s ]
SQL: SELECT * FROM `ai9me_users` WHERE ( `id` = 7 ) LIMIT 1   [ RunTime:0.000320s ]
SQL: SHOW COLUMNS FROM `ai9me_wxuser` [ RunTime:0.001587s ]
SQL: SELECT `wxname`,`wxid`,`headerpic` FROM `ai9me_wxuser` WHERE ( `token` = '15' ) AND ( `uid` = 7 ) LIMIT 1   [ RunTime:0.000108s ]
SQL: SHOW COLUMNS FROM `ai9me_token_open` [ RunTime:0.001044s ]
SQL: SELECT `queryname` FROM `ai9me_token_open` WHERE ( `token` = '15' ) LIMIT 1   [ RunTime:0.000124s ]
NOTIC: [8] Undefined index:  catid /www/web/new/wx/public_html/admin2/AI9ME/Lib/Action/User/ProductAction.class.php 第 23 行.
SQL: SHOW COLUMNS FROM `ai9me_product` [ RunTime:0.001127s ]
SQL: SHOW COLUMNS FROM `ai9me_product_cat` [ RunTime:0.000874s ]
SQL: SELECT COUNT(*) AS tp_count FROM `ai9me_product` WHERE ( `token` = '15' ) AND ( `dining` = 0 ) AND ( `groupon` <> 1 ) LIMIT 1   [ RunTime:0.000100s ]
SQL: SELECT * FROM `ai9me_product` WHERE ( `token` = '15' ) AND ( `dining` = 0 ) AND ( `groupon` <> 1 ) ORDER BY id desc LIMIT 0,20   [ RunTime:0.000102s ]
INFO: [ view_template ] --START--
INFO: Run LocationTemplate Behavior [ RunTime:-0.045928s ]
INFO: [ view_template ] --END-- [ RunTime:0.000486s ]
INFO: [ view_parse ] --START--
INFO: Run ParseTemplate Behavior [ RunTime:-0.046468s ]
INFO: [ view_parse ] --END-- [ RunTime:0.016428s ]
INFO: [ view_filter ] --START--
INFO: Run ContentReplace Behavior [ RunTime:-0.062940s ]
INFO: Run TokenBuild Behavior [ RunTime:-0.063522s ]
INFO: Run WriteHtmlCache Behavior [ RunTime:-0.064316s ]
INFO: Run ShowRuntime Behavior [ RunTime:-0.065141s ]
INFO: [ view_filter ] --END-- [ RunTime:0.002961s ]
INFO: [ view_end ] --START--
INFO: Run ShowPageTrace Behavior [ RunTime:-0.065973s ]
INFO: [ view_end ] --END-- [ RunTime:0.000731s ]

[ 2014-03-31T13:27:38+08:00 ] 124.235.81.252 /admin2/index.php?g=User&m=Product&a=index&dining=0&wxgjuid=41&wxgjpwd=d64632b4f353828bd8eff4516a27cdb8&token=37
INFO: [ app_begin ] --START--
INFO: Run ReadHtmlCache Behavior [ RunTime:0.000963s ]
INFO: [ app_begin ] --END-- [ RunTime:0.001226s ]
NOTIC: [2] Cannot use a scalar value as an array /www/web/new/wx/public_html/admin2/Lib/Core/Action.class.php 第 206 行.
SQL: SHOW COLUMNS FROM `ai9me_user_qequest_log` [ RunTime:0.002352s ]
SQL: INSERT INTO `ai9me_user_qequest_log` (`host`,`parameter`,`ip`,`user_id`) VALUES ('GET /admin2/index.php?g=User&m=Product&a=index&dining=0&wxgjuid=41&wxgjpwd=d64632b4f353828bd8eff4516a27cdb8&token=37 HTTP/1.0
','','112.25.60.18',null) [ RunTime:0.000474s ]
SQL: SHOW COLUMNS FROM `ai9me_users` [ RunTime:0.002551s ]
SQL: SELECT * FROM `ai9me_users` WHERE ( `username` = '41' ) LIMIT 1   [ RunTime:0.000677s ]
SQL: SHOW COLUMNS FROM `ai9me_user_group` [ RunTime:0.001842s ]
SQL: SELECT * FROM `ai9me_user_group` WHERE ( `id` = 1 ) LIMIT 1   [ RunTime:0.000650s ]
SQL: INSERT INTO `ai9me_users` (`money`,`gid`,`username`,`password`,`createtime`,`lasttime`,`status`,`viptime`) VALUES (100000,7,'41','d64632b4f353828bd8eff4516a27cdb8',1396243658,1396243658,1,'1809964800') [ RunTime:0.000389s ]
NOTIC: [8] Undefined index:  username /www/web/new/wx/public_html/admin2/AI9ME/Lib/Action/UserAction.class.php 第 95 行.
SQL: SHOW COLUMNS FROM `ai9me_wxuser` [ RunTime:0.002233s ]
SQL: INSERT INTO `ai9me_wxuser` (`wxname`,`wxid`,`weixin`,`headerpic`,`token`,`uid`,`tpltypeid`,`tpllistid`,`tplcontentid`,`tpltypename`,`tpllistname`,`tplcontentname`,`createtime`) VALUES ('41','41','41','./tpl/User/default/common/images/portrait.jpg','37',12,'1','1','1','ty_index','yl_list','ktv_content',1396243658) [ RunTime:0.000521s ]
SQL: SHOW COLUMNS FROM `ai9me_token_open` [ RunTime:0.001161s ]
SQL: INSERT INTO `ai9me_token_open` (`uid`,`token`,`queryname`) VALUES (12,'37','tianqi,qiushi,jishuan,langdu,jiankang,kuaidi,xiaohua,changtoushi,peiliao,liaotian,mengjian,yuyinfanyi,huoche,gongjiao,shenfenzheng,shouji,yinle,fujin,choujiang,taobao,userinfo,fanyi,api,suanming,baike,caipiao,choujiang,gua2,shouye,adma,huiyuanka,shenhe,geci,host_kev,diyform,shop,etuan,diymen_set,dx') [ RunTime:0.000435s ]
SQL: SELECT * FROM `ai9me_users` WHERE ( `username` = '41' ) LIMIT 1   [ RunTime:0.000557s ]
SQL: SHOW COLUMNS FROM `ai9me_user_group` [ RunTime:0.001183s ]
SQL: SELECT * FROM `ai9me_user_group` WHERE ( `id` = 7 ) LIMIT 1   [ RunTime:0.000175s ]
SQL: UPDATE `ai9me_users` SET `lasttime`=1396243658,`lastip`='112.25.60.18' WHERE ( `id` = 12 ) [ RunTime:0.000389s ]
SQL: SELECT * FROM `ai9me_user_group` WHERE ( `id` = 7 ) LIMIT 1   [ RunTime:0.000182s ]
SQL: SHOW COLUMNS FROM `ai9me_users` [ RunTime:0.001727s ]
SQL: SELECT * FROM `ai9me_users` WHERE ( `id` = 12 ) LIMIT 1   [ RunTime:0.000610s ]
SQL: SHOW COLUMNS FROM `ai9me_wxuser` [ RunTime:0.001958s ]
SQL: SELECT `wxname`,`wxid`,`headerpic` FROM `ai9me_wxuser` WHERE ( `token` = '37' ) AND ( `uid` = 12 ) LIMIT 1   [ RunTime:0.000905s ]
SQL: SHOW COLUMNS FROM `ai9me_token_open` [ RunTime:0.000869s ]
SQL: SELECT `queryname` FROM `ai9me_token_open` WHERE ( `token` = '37' ) LIMIT 1   [ RunTime:0.000415s ]
NOTIC: [8] Undefined index:  catid /www/web/new/wx/public_html/admin2/AI9ME/Lib/Action/User/ProductAction.class.php 第 23 行.
SQL: SHOW COLUMNS FROM `ai9me_product` [ RunTime:0.001950s ]
SQL: SHOW COLUMNS FROM `ai9me_product_cat` [ RunTime:0.001278s ]
SQL: SELECT COUNT(*) AS tp_count FROM `ai9me_product` WHERE ( `token` = '37' ) AND ( `dining` = 0 ) AND ( `groupon` <> 1 ) LIMIT 1   [ RunTime:0.000810s ]
SQL: SELECT * FROM `ai9me_product` WHERE ( `token` = '37' ) AND ( `dining` = 0 ) AND ( `groupon` <> 1 ) ORDER BY id desc LIMIT 0,20   [ RunTime:0.000910s ]
INFO: [ view_template ] --START--
INFO: Run LocationTemplate Behavior [ RunTime:-0.097195s ]
INFO: [ view_template ] --END-- [ RunTime:0.001056s ]
INFO: [ view_parse ] --START--
INFO: Run ParseTemplate Behavior [ RunTime:-0.098395s ]
INFO: [ view_parse ] --END-- [ RunTime:0.030214s ]
INFO: [ view_filter ] --START--
INFO: Run ContentReplace Behavior [ RunTime:-0.128666s ]
INFO: Run TokenBuild Behavior [ RunTime:-0.129501s ]
INFO: Run WriteHtmlCache Behavior [ RunTime:-0.130662s ]
INFO: Run ShowRuntime Behavior [ RunTime:-0.131261s ]
INFO: [ view_filter ] --END-- [ RunTime:0.003489s ]
INFO: [ view_end ] --START--
INFO: Run ShowPageTrace Behavior [ RunTime:-0.132289s ]
INFO: [ view_end ] --END-- [ RunTime:0.001272s ]

[ 2014-03-31T13:57:38+08:00 ] 180.153.206.27 /admin2/index.php?g=User&m=Product&a=index&dining=0&wxgjuid=41&wxgjpwd=d64632b4f353828bd8eff4516a27cdb8&token=37
INFO: [ app_begin ] --START--
INFO: Run ReadHtmlCache Behavior [ RunTime:0.000591s ]
INFO: [ app_begin ] --END-- [ RunTime:0.000689s ]
NOTIC: [2] Cannot use a scalar value as an array /www/web/new/wx/public_html/admin2/Lib/Core/Action.class.php 第 206 行.
SQL: SHOW COLUMNS FROM `ai9me_user_qequest_log` [ RunTime:0.000983s ]
SQL: INSERT INTO `ai9me_user_qequest_log` (`host`,`parameter`,`ip`,`user_id`) VALUES ('GET /admin2/index.php?g=User&m=Product&a=index&dining=0&wxgjuid=41&wxgjpwd=d64632b4f353828bd8eff4516a27cdb8&token=37 HTTP/1.0
','','180.153.235.46',null) [ RunTime:0.000530s ]
SQL: SHOW COLUMNS FROM `ai9me_users` [ RunTime:0.001207s ]
SQL: SELECT * FROM `ai9me_users` WHERE ( `username` = '41' ) LIMIT 1   [ RunTime:0.000453s ]
SQL: SHOW COLUMNS FROM `ai9me_user_group` [ RunTime:0.000770s ]
SQL: SELECT * FROM `ai9me_user_group` WHERE ( `id` = 7 ) LIMIT 1   [ RunTime:0.000091s ]
SQL: UPDATE `ai9me_users` SET `lasttime`=1396245457,`lastip`='180.153.235.46' WHERE ( `id` = 12 ) [ RunTime:0.000415s ]
SQL: SHOW COLUMNS FROM `ai9me_user_group` [ RunTime:0.000549s ]
SQL: SELECT * FROM `ai9me_user_group` WHERE ( `id` = 7 ) LIMIT 1   [ RunTime:0.000099s ]
SQL: SHOW COLUMNS FROM `ai9me_users` [ RunTime:0.000796s ]
SQL: SELECT * FROM `ai9me_users` WHERE ( `id` = 12 ) LIMIT 1   [ RunTime:0.000383s ]
SQL: SHOW COLUMNS FROM `ai9me_wxuser` [ RunTime:0.000899s ]
SQL: SELECT `wxname`,`wxid`,`headerpic` FROM `ai9me_wxuser` WHERE ( `token` = '37' ) AND ( `uid` = 12 ) LIMIT 1   [ RunTime:0.000085s ]
SQL: SHOW COLUMNS FROM `ai9me_token_open` [ RunTime:0.000520s ]
SQL: SELECT `queryname` FROM `ai9me_token_open` WHERE ( `token` = '37' ) LIMIT 1   [ RunTime:0.000081s ]
NOTIC: [8] Undefined index:  catid /www/web/new/wx/public_html/admin2/AI9ME/Lib/Action/User/ProductAction.class.php 第 23 行.
SQL: SHOW COLUMNS FROM `ai9me_product` [ RunTime:0.000950s ]
SQL: SHOW COLUMNS FROM `ai9me_product_cat` [ RunTime:0.000892s ]
SQL: SELECT COUNT(*) AS tp_count FROM `ai9me_product` WHERE ( `token` = '37' ) AND ( `dining` = 0 ) AND ( `groupon` <> 1 ) LIMIT 1   [ RunTime:0.000143s ]
SQL: SELECT * FROM `ai9me_product` WHERE ( `token` = '37' ) AND ( `dining` = 0 ) AND ( `groupon` <> 1 ) ORDER BY id desc LIMIT 0,20   [ RunTime:0.000144s ]
INFO: [ view_template ] --START--
INFO: Run LocationTemplate Behavior [ RunTime:-0.031600s ]
INFO: [ view_template ] --END-- [ RunTime:0.000522s ]
INFO: [ view_parse ] --START--
INFO: Run ParseTemplate Behavior [ RunTime:-0.032222s ]
INFO: [ view_parse ] --END-- [ RunTime:0.015468s ]
INFO: [ view_filter ] --START--
INFO: Run ContentReplace Behavior [ RunTime:-0.047731s ]
INFO: Run TokenBuild Behavior [ RunTime:-0.048137s ]
INFO: Run WriteHtmlCache Behavior [ RunTime:-0.048646s ]
INFO: Run ShowRuntime Behavior [ RunTime:-0.048938s ]
INFO: [ view_filter ] --END-- [ RunTime:0.001721s ]
INFO: [ view_end ] --START--
INFO: Run ShowPageTrace Behavior [ RunTime:-0.049825s ]
INFO: [ view_end ] --END-- [ RunTime:0.000772s ]

[ 2014-03-31T20:44:58+08:00 ] ERR: (ThinkException) 无法加载模块:Shake
[ 2014-03-31T21:16:16+08:00 ] ERR: (ThinkException) 无法加载模块:Shake
[ 2014-03-31T23:57:37+08:00 ] ERR: (ThinkException) 无法加载模块:Shake
[ 2014-03-31T23:59:21+08:00 ] ERR: (ThinkException) 无法加载模块:Shake
[ 2014-03-31T23:59:56+08:00 ] ERR: (ThinkException) 无法加载模块:Toshake
