[ 2014-01-22T10:57:27+08:00 ] 111.196.20.10 /admin2/index.php?g=User&m=Product&a=index&dining=0&wxgjuid=7266&wxgjpwd=1c88d37be4e1d375f341d906f58288f4&token=31
INFO: [ app_begin ] --START--
INFO: Run ReadHtmlCache Behavior [ RunTime:0.002369s ]
INFO: [ app_begin ] --END-- [ RunTime:0.002627s ]
NOTIC: [2] Cannot use a scalar value as an array /www/web/weixin2/wx/public_html/admin2/Lib/Core/Action.class.php 第 206 行.
SQL: SHOW COLUMNS FROM `ai9me_user_qequest_log` [ RunTime:0.000933s ]
SQL: INSERT INTO `ai9me_user_qequest_log` (`host`,`parameter`,`ip`,`user_id`) VALUES ('GET /admin2/index.php?g=User&m=Product&a=index&dining=0&wxgjuid=7266&wxgjpwd=1c88d37be4e1d375f341d906f58288f4&token=31 HTTP/1.1
','','111.196.20.10',null) [ RunTime:0.003740s ]
SQL: SHOW COLUMNS FROM `ai9me_users` [ RunTime:0.007496s ]
SQL: SELECT * FROM `ai9me_users` WHERE ( `username` = '7266' ) LIMIT 1   [ RunTime:0.000443s ]
SQL: SHOW COLUMNS FROM `ai9me_user_group` [ RunTime:0.000692s ]
SQL: SELECT * FROM `ai9me_user_group` WHERE ( `id` = 1 ) LIMIT 1   [ RunTime:0.000204s ]
SQL: INSERT INTO `ai9me_users` (`money`,`gid`,`username`,`password`,`createtime`,`lasttime`,`status`,`viptime`) VALUES (100000,7,'7266','1c88d37be4e1d375f341d906f58288f4',1390359447,1390359447,1,'1809964800') [ RunTime:0.000221s ]
NOTIC: [8] Undefined index:  username /www/web/weixin2/wx/public_html/admin2/AI9ME/Lib/Action/UserAction.class.php 第 97 行.
SQL: SHOW COLUMNS FROM `ai9me_wxuser` [ RunTime:0.001315s ]
SQL: INSERT INTO `ai9me_wxuser` (`wxname`,`wxid`,`weixin`,`headerpic`,`token`,`uid`,`tpltypeid`,`tpllistid`,`tplcontentid`,`tpltypename`,`tpllistname`,`tplcontentname`,`createtime`) VALUES ('7266','7266','7266','./tpl/User/default/common/images/portrait.jpg','31',25,'1','1','1','ty_index','yl_list','ktv_content',1390359447) [ RunTime:0.001686s ]
SQL: SHOW COLUMNS FROM `ai9me_token_open` [ RunTime:0.001065s ]
SQL: INSERT INTO `ai9me_token_open` (`uid`,`token`,`queryname`) VALUES (25,'31','tianqi,qiushi,jishuan,langdu,jiankang,kuaidi,xiaohua,changtoushi,peiliao,liaotian,mengjian,yuyinfanyi,huoche,gongjiao,shenfenzheng,shouji,yinle,fujin,choujiang,taobao,userinfo,fanyi,api,suanming,baike,caipiao,choujiang,gua2,shouye,adma,huiyuanka,shenhe,geci,host_kev,diyform,shop,etuan,diymen_set,dx') [ RunTime:0.000564s ]
SQL: SELECT * FROM `ai9me_users` WHERE ( `username` = '7266' ) LIMIT 1   [ RunTime:0.000334s ]
SQL: SHOW COLUMNS FROM `ai9me_user_group` [ RunTime:0.000728s ]
SQL: SELECT * FROM `ai9me_user_group` WHERE ( `id` = 7 ) LIMIT 1   [ RunTime:0.000093s ]
SQL: UPDATE `ai9me_users` SET `lasttime`=1390359447,`lastip`='111.196.20.10' WHERE ( `id` = 25 ) [ RunTime:0.000245s ]
SQL: SELECT * FROM `ai9me_user_group` WHERE ( `id` = 7 ) LIMIT 1   [ RunTime:0.000122s ]
SQL: SHOW COLUMNS FROM `ai9me_users` [ RunTime:0.007596s ]
SQL: SELECT * FROM `ai9me_users` WHERE ( `id` = 25 ) LIMIT 1   [ RunTime:0.000490s ]
SQL: SHOW COLUMNS FROM `ai9me_wxuser` [ RunTime:0.000987s ]
SQL: SELECT `wxname`,`wxid`,`headerpic` FROM `ai9me_wxuser` WHERE ( `token` = '31' ) AND ( `uid` = 25 ) LIMIT 1   [ RunTime:0.000926s ]
SQL: SHOW COLUMNS FROM `ai9me_token_open` [ RunTime:0.001219s ]
SQL: SELECT `queryname` FROM `ai9me_token_open` WHERE ( `token` = '31' ) LIMIT 1   [ RunTime:0.000913s ]
NOTIC: [8] Undefined index:  catid /www/web/weixin2/wx/public_html/admin2/AI9ME/Lib/Action/User/ProductAction.class.php 第 23 行.
SQL: SHOW COLUMNS FROM `ai9me_product` [ RunTime:0.006411s ]
SQL: SHOW COLUMNS FROM `ai9me_product_cat` [ RunTime:0.001682s ]
SQL: SELECT COUNT(*) AS tp_count FROM `ai9me_product` WHERE ( `token` = '31' ) AND ( `dining` = 0 ) AND ( `groupon` <> 1 ) LIMIT 1   [ RunTime:0.000605s ]
SQL: SELECT * FROM `ai9me_product` WHERE ( `token` = '31' ) AND ( `dining` = 0 ) AND ( `groupon` <> 1 ) ORDER BY id desc LIMIT 0,20   [ RunTime:0.000517s ]
INFO: [ view_template ] --START--
INFO: Run LocationTemplate Behavior [ RunTime:-0.327758s ]
INFO: [ view_template ] --END-- [ RunTime:0.001971s ]
INFO: [ view_parse ] --START--
INFO: Run ParseTemplate Behavior [ RunTime:-0.329814s ]
INFO: [ view_parse ] --END-- [ RunTime:0.158568s ]
INFO: [ view_filter ] --START--
INFO: Run ContentReplace Behavior [ RunTime:-0.488474s ]
INFO: Run TokenBuild Behavior [ RunTime:-0.493264s ]
INFO: Run WriteHtmlCache Behavior [ RunTime:-0.494006s ]
INFO: Run ShowRuntime Behavior [ RunTime:-0.495412s ]
INFO: [ view_filter ] --END-- [ RunTime:0.008365s ]
INFO: [ view_end ] --START--
INFO: Run ShowPageTrace Behavior [ RunTime:-0.497344s ]
INFO: [ view_end ] --END-- [ RunTime:0.002088s ]

[ 2014-01-22T12:00:57+08:00 ] 27.154.113.14 /admin2/
INFO: [ app_begin ] --START--
INFO: Run ReadHtmlCache Behavior [ RunTime:0.000595s ]
INFO: [ app_begin ] --END-- [ RunTime:0.000707s ]
NOTIC: [2] Cannot use a scalar value as an array /www/web/weixin2/wx/public_html/admin2/Lib/Core/Action.class.php 第 206 行.
SQL: SHOW COLUMNS FROM `ai9me_user_qequest_log` [ RunTime:0.000860s ]
SQL: INSERT INTO `ai9me_user_qequest_log` (`host`,`parameter`,`ip`,`user_id`) VALUES ('GET /admin2/ HTTP/1.1
','','27.154.113.14',null) [ RunTime:0.000223s ]
INFO: [ view_template ] --START--
INFO: Run LocationTemplate Behavior [ RunTime:-0.024595s ]
INFO: [ view_template ] --END-- [ RunTime:0.000398s ]
INFO: [ view_parse ] --START--
NOTIC: [8] Use of undefined constant uid - assumed 'uid' /www/web/weixin2/wx/public_html/admin2/Conf/logs/Cache/Home/9f703841b350820226b0781375dcfd42.php 第 29 行.
NOTIC: [8] Undefined index:  uid /www/web/weixin2/wx/public_html/admin2/Conf/logs/Cache/Home/9f703841b350820226b0781375dcfd42.php 第 29 行.
INFO: Run ParseTemplate Behavior [ RunTime:-0.025028s ]
INFO: [ view_parse ] --END-- [ RunTime:0.304188s ]
INFO: [ view_filter ] --START--
INFO: Run ContentReplace Behavior [ RunTime:-0.329330s ]
INFO: Run TokenBuild Behavior [ RunTime:-0.334689s ]
INFO: Run WriteHtmlCache Behavior [ RunTime:-0.335430s ]
INFO: Run ShowRuntime Behavior [ RunTime:-0.335781s ]
INFO: [ view_filter ] --END-- [ RunTime:0.007100s ]
INFO: [ view_end ] --START--
INFO: Run ShowPageTrace Behavior [ RunTime:-0.336583s ]
INFO: [ view_end ] --END-- [ RunTime:0.000963s ]

[ 2014-01-22T12:01:11+08:00 ] 27.154.113.14 /admin2/index.php?m=Index&a=login
INFO: [ app_begin ] --START--
INFO: Run ReadHtmlCache Behavior [ RunTime:0.000770s ]
INFO: [ app_begin ] --END-- [ RunTime:0.000975s ]
NOTIC: [2] Cannot use a scalar value as an array /www/web/weixin2/wx/public_html/admin2/Lib/Core/Action.class.php 第 206 行.
SQL: SHOW COLUMNS FROM `ai9me_user_qequest_log` [ RunTime:0.002277s ]
SQL: INSERT INTO `ai9me_user_qequest_log` (`host`,`parameter`,`ip`,`user_id`) VALUES ('GET /admin2/index.php?m=Index&a=login HTTP/1.1
','','27.154.113.14',null) [ RunTime:0.001301s ]
INFO: [ view_template ] --START--
INFO: Run LocationTemplate Behavior [ RunTime:-0.034006s ]
INFO: [ view_template ] --END-- [ RunTime:0.001038s ]
INFO: [ view_parse ] --START--
NOTIC: [8] Use of undefined constant uid - assumed 'uid' /www/web/weixin2/wx/public_html/admin2/Conf/logs/Cache/Home/8b9ad97b3086db3218d651a0256fd94f.php 第 28 行.
NOTIC: [8] Undefined index:  uid /www/web/weixin2/wx/public_html/admin2/Conf/logs/Cache/Home/8b9ad97b3086db3218d651a0256fd94f.php 第 28 行.
INFO: Run ParseTemplate Behavior [ RunTime:-0.035204s ]
INFO: [ view_parse ] --END-- [ RunTime:0.048834s ]
INFO: [ view_filter ] --START--
INFO: Run ContentReplace Behavior [ RunTime:-0.084116s ]
INFO: Run TokenBuild Behavior [ RunTime:-0.084637s ]
INFO: Run WriteHtmlCache Behavior [ RunTime:-0.088841s ]
INFO: Run ShowRuntime Behavior [ RunTime:-0.089537s ]
INFO: [ view_filter ] --END-- [ RunTime:0.006299s ]
INFO: [ view_end ] --START--
INFO: Run ShowPageTrace Behavior [ RunTime:-0.090491s ]
INFO: [ view_end ] --END-- [ RunTime:0.000795s ]

[ 2014-01-22T12:01:23+08:00 ] 27.154.113.14 /admin2/index.php?m=Index&a=login
INFO: [ app_begin ] --START--
INFO: Run ReadHtmlCache Behavior [ RunTime:0.001151s ]
INFO: [ app_begin ] --END-- [ RunTime:0.001313s ]
NOTIC: [2] Cannot use a scalar value as an array /www/web/weixin2/wx/public_html/admin2/Lib/Core/Action.class.php 第 206 行.
SQL: SHOW COLUMNS FROM `ai9me_user_qequest_log` [ RunTime:0.001654s ]
SQL: INSERT INTO `ai9me_user_qequest_log` (`host`,`parameter`,`ip`,`user_id`) VALUES ('GET /admin2/index.php?m=Index&a=login HTTP/1.1
','','27.154.113.14',null) [ RunTime:0.000271s ]
INFO: [ view_template ] --START--
INFO: Run LocationTemplate Behavior [ RunTime:-0.045523s ]
INFO: [ view_template ] --END-- [ RunTime:0.000758s ]
INFO: [ view_parse ] --START--
NOTIC: [8] Use of undefined constant uid - assumed 'uid' /www/web/weixin2/wx/public_html/admin2/Conf/logs/Cache/Home/8b9ad97b3086db3218d651a0256fd94f.php 第 28 行.
NOTIC: [8] Undefined index:  uid /www/web/weixin2/wx/public_html/admin2/Conf/logs/Cache/Home/8b9ad97b3086db3218d651a0256fd94f.php 第 28 行.
INFO: Run ParseTemplate Behavior [ RunTime:-0.046358s ]
INFO: [ view_parse ] --END-- [ RunTime:0.046829s ]
INFO: [ view_filter ] --START--
INFO: Run ContentReplace Behavior [ RunTime:-0.093278s ]
INFO: Run TokenBuild Behavior [ RunTime:-0.094867s ]
INFO: Run WriteHtmlCache Behavior [ RunTime:-0.095512s ]
INFO: Run ShowRuntime Behavior [ RunTime:-0.095868s ]
INFO: [ view_filter ] --END-- [ RunTime:0.003230s ]
INFO: [ view_end ] --START--
INFO: Run ShowPageTrace Behavior [ RunTime:-0.096752s ]
INFO: [ view_end ] --END-- [ RunTime:0.000913s ]

[ 2014-01-22T12:01:32+08:00 ] 27.154.113.14 /admin2/index.php?m=Index&a=login
INFO: [ app_begin ] --START--
INFO: Run ReadHtmlCache Behavior [ RunTime:0.001201s ]
INFO: [ app_begin ] --END-- [ RunTime:0.001391s ]
NOTIC: [2] Cannot use a scalar value as an array /www/web/weixin2/wx/public_html/admin2/Lib/Core/Action.class.php 第 206 行.
SQL: SHOW COLUMNS FROM `ai9me_user_qequest_log` [ RunTime:0.001170s ]
SQL: INSERT INTO `ai9me_user_qequest_log` (`host`,`parameter`,`ip`,`user_id`) VALUES ('GET /admin2/index.php?m=Index&a=login HTTP/1.1
','','27.154.113.14',null) [ RunTime:0.000286s ]
INFO: [ view_template ] --START--
INFO: Run LocationTemplate Behavior [ RunTime:-0.044723s ]
INFO: [ view_template ] --END-- [ RunTime:0.000953s ]
INFO: [ view_parse ] --START--
NOTIC: [8] Use of undefined constant uid - assumed 'uid' /www/web/weixin2/wx/public_html/admin2/Conf/logs/Cache/Home/8b9ad97b3086db3218d651a0256fd94f.php 第 28 行.
NOTIC: [8] Undefined index:  uid /www/web/weixin2/wx/public_html/admin2/Conf/logs/Cache/Home/8b9ad97b3086db3218d651a0256fd94f.php 第 28 行.
INFO: Run ParseTemplate Behavior [ RunTime:-0.045921s ]
INFO: [ view_parse ] --END-- [ RunTime:0.078052s ]
INFO: [ view_filter ] --START--
INFO: Run ContentReplace Behavior [ RunTime:-0.124032s ]
INFO: Run TokenBuild Behavior [ RunTime:-0.125249s ]
INFO: Run WriteHtmlCache Behavior [ RunTime:-0.130054s ]
INFO: Run ShowRuntime Behavior [ RunTime:-0.130779s ]
INFO: [ view_filter ] --END-- [ RunTime:0.008193s ]
INFO: [ view_end ] --START--
INFO: Run ShowPageTrace Behavior [ RunTime:-0.132463s ]
INFO: [ view_end ] --END-- [ RunTime:0.001401s ]

[ 2014-01-22T15:25:20+08:00 ] 111.173.219.186 /admin2/index.php?g=User&m=Product&a=index&dining=1&wxgjuid=7286&wxgjpwd=324d1907d9ca6733d399b87affe48c74&token=55
INFO: [ app_begin ] --START--
INFO: Run ReadHtmlCache Behavior [ RunTime:0.001224s ]
INFO: [ app_begin ] --END-- [ RunTime:0.001407s ]
NOTIC: [2] Cannot use a scalar value as an array /www/web/weixin2/wx/public_html/admin2/Lib/Core/Action.class.php 第 206 行.
SQL: SHOW COLUMNS FROM `ai9me_user_qequest_log` [ RunTime:0.002166s ]
SQL: INSERT INTO `ai9me_user_qequest_log` (`host`,`parameter`,`ip`,`user_id`) VALUES ('GET /admin2/index.php?g=User&m=Product&a=index&dining=1&wxgjuid=7286&wxgjpwd=324d1907d9ca6733d399b87affe48c74&token=55 HTTP/1.1
','','111.173.219.186',null) [ RunTime:0.000353s ]
SQL: SHOW COLUMNS FROM `ai9me_users` [ RunTime:0.001908s ]
SQL: SELECT * FROM `ai9me_users` WHERE ( `username` = '7286' ) LIMIT 1   [ RunTime:0.000383s ]
SQL: SHOW COLUMNS FROM `ai9me_user_group` [ RunTime:0.000936s ]
SQL: SELECT * FROM `ai9me_user_group` WHERE ( `id` = 1 ) LIMIT 1   [ RunTime:0.000131s ]
SQL: INSERT INTO `ai9me_users` (`money`,`gid`,`username`,`password`,`createtime`,`lasttime`,`status`,`viptime`) VALUES (100000,7,'7286','324d1907d9ca6733d399b87affe48c74',1390375520,1390375520,1,'1809964800') [ RunTime:0.000269s ]
NOTIC: [8] Undefined index:  username /www/web/weixin2/wx/public_html/admin2/AI9ME/Lib/Action/UserAction.class.php 第 97 行.
SQL: SHOW COLUMNS FROM `ai9me_wxuser` [ RunTime:0.002297s ]
SQL: INSERT INTO `ai9me_wxuser` (`wxname`,`wxid`,`weixin`,`headerpic`,`token`,`uid`,`tpltypeid`,`tpllistid`,`tplcontentid`,`tpltypename`,`tpllistname`,`tplcontentname`,`createtime`) VALUES ('7286','7286','7286','./tpl/User/default/common/images/portrait.jpg','55',26,'1','1','1','ty_index','yl_list','ktv_content',1390375520) [ RunTime:0.000485s ]
SQL: SHOW COLUMNS FROM `ai9me_token_open` [ RunTime:0.010766s ]
SQL: INSERT INTO `ai9me_token_open` (`uid`,`token`,`queryname`) VALUES (26,'55','tianqi,qiushi,jishuan,langdu,jiankang,kuaidi,xiaohua,changtoushi,peiliao,liaotian,mengjian,yuyinfanyi,huoche,gongjiao,shenfenzheng,shouji,yinle,fujin,choujiang,taobao,userinfo,fanyi,api,suanming,baike,caipiao,choujiang,gua2,shouye,adma,huiyuanka,shenhe,geci,host_kev,diyform,shop,etuan,diymen_set,dx') [ RunTime:0.000288s ]
SQL: SELECT * FROM `ai9me_users` WHERE ( `username` = '7286' ) LIMIT 1   [ RunTime:0.000451s ]
SQL: SHOW COLUMNS FROM `ai9me_user_group` [ RunTime:0.000777s ]
SQL: SELECT * FROM `ai9me_user_group` WHERE ( `id` = 7 ) LIMIT 1   [ RunTime:0.000389s ]
SQL: UPDATE `ai9me_users` SET `lasttime`=1390375520,`lastip`='111.173.219.186' WHERE ( `id` = 26 ) [ RunTime:0.000496s ]
SQL: SELECT * FROM `ai9me_user_group` WHERE ( `id` = 7 ) LIMIT 1   [ RunTime:0.000247s ]
SQL: SHOW COLUMNS FROM `ai9me_users` [ RunTime:0.005280s ]
SQL: SELECT * FROM `ai9me_users` WHERE ( `id` = 26 ) LIMIT 1   [ RunTime:0.000593s ]
SQL: SHOW COLUMNS FROM `ai9me_wxuser` [ RunTime:0.002382s ]
SQL: SELECT `wxname`,`wxid`,`headerpic` FROM `ai9me_wxuser` WHERE ( `token` = '55' ) AND ( `uid` = 26 ) LIMIT 1   [ RunTime:0.004699s ]
SQL: SHOW COLUMNS FROM `ai9me_token_open` [ RunTime:0.000826s ]
SQL: SELECT `queryname` FROM `ai9me_token_open` WHERE ( `token` = '55' ) LIMIT 1   [ RunTime:0.000686s ]
NOTIC: [8] Undefined index:  catid /www/web/weixin2/wx/public_html/admin2/AI9ME/Lib/Action/User/ProductAction.class.php 第 23 行.
SQL: SHOW COLUMNS FROM `ai9me_product` [ RunTime:0.001243s ]
SQL: SHOW COLUMNS FROM `ai9me_product_cat` [ RunTime:0.007743s ]
SQL: SELECT COUNT(*) AS tp_count FROM `ai9me_product` WHERE ( `token` = '55' ) AND ( `dining` = 1 ) AND ( `groupon` <> 1 ) LIMIT 1   [ RunTime:0.000607s ]
SQL: SELECT * FROM `ai9me_product` WHERE ( `token` = '55' ) AND ( `dining` = 1 ) AND ( `groupon` <> 1 ) ORDER BY id desc LIMIT 0,20   [ RunTime:0.000715s ]
INFO: [ view_template ] --START--
INFO: Run LocationTemplate Behavior [ RunTime:-0.186297s ]
INFO: [ view_template ] --END-- [ RunTime:0.001536s ]
INFO: [ view_parse ] --START--
INFO: Run ParseTemplate Behavior [ RunTime:-0.188099s ]
INFO: [ view_parse ] --END-- [ RunTime:0.074035s ]
INFO: [ view_filter ] --START--
INFO: Run ContentReplace Behavior [ RunTime:-0.262290s ]
INFO: Run TokenBuild Behavior [ RunTime:-0.263855s ]
INFO: Run WriteHtmlCache Behavior [ RunTime:-0.265391s ]
INFO: Run ShowRuntime Behavior [ RunTime:-0.266057s ]
INFO: [ view_filter ] --END-- [ RunTime:0.005138s ]
INFO: [ view_end ] --START--
INFO: Run ShowPageTrace Behavior [ RunTime:-0.267862s ]
INFO: [ view_end ] --END-- [ RunTime:0.008066s ]

[ 2014-01-22T15:25:28+08:00 ] 111.173.219.186 /admin2/index.php?g=User&m=Product&a=index&dining=0&wxgjuid=7286&wxgjpwd=324d1907d9ca6733d399b87affe48c74&token=55
INFO: [ app_begin ] --START--
INFO: Run ReadHtmlCache Behavior [ RunTime:0.001704s ]
INFO: [ app_begin ] --END-- [ RunTime:0.001990s ]
NOTIC: [2] Cannot use a scalar value as an array /www/web/weixin2/wx/public_html/admin2/Lib/Core/Action.class.php 第 206 行.
SQL: SHOW COLUMNS FROM `ai9me_user_qequest_log` [ RunTime:0.001188s ]
SQL: INSERT INTO `ai9me_user_qequest_log` (`host`,`parameter`,`ip`,`user_id`) VALUES ('GET /admin2/index.php?g=User&m=Product&a=index&dining=0&wxgjuid=7286&wxgjpwd=324d1907d9ca6733d399b87affe48c74&token=55 HTTP/1.1
','','111.173.219.186','26') [ RunTime:0.000302s ]
SQL: SHOW COLUMNS FROM `ai9me_user_group` [ RunTime:0.004671s ]
SQL: SELECT * FROM `ai9me_user_group` WHERE ( `id` = 7 ) LIMIT 1   [ RunTime:0.000208s ]
SQL: SHOW COLUMNS FROM `ai9me_users` [ RunTime:0.001385s ]
SQL: SELECT * FROM `ai9me_users` WHERE ( `id` = 26 ) LIMIT 1   [ RunTime:0.000173s ]
SQL: SHOW COLUMNS FROM `ai9me_wxuser` [ RunTime:0.006393s ]
SQL: SELECT `wxname`,`wxid`,`headerpic` FROM `ai9me_wxuser` WHERE ( `token` = '55' ) AND ( `uid` = 26 ) LIMIT 1   [ RunTime:0.000555s ]
SQL: SHOW COLUMNS FROM `ai9me_token_open` [ RunTime:0.001272s ]
SQL: SELECT `queryname` FROM `ai9me_token_open` WHERE ( `token` = '55' ) LIMIT 1   [ RunTime:0.004068s ]
NOTIC: [8] Undefined index:  catid /www/web/weixin2/wx/public_html/admin2/AI9ME/Lib/Action/User/ProductAction.class.php 第 23 行.
SQL: SHOW COLUMNS FROM `ai9me_product` [ RunTime:0.003746s ]
SQL: SHOW COLUMNS FROM `ai9me_product_cat` [ RunTime:0.001214s ]
SQL: SELECT COUNT(*) AS tp_count FROM `ai9me_product` WHERE ( `token` = '55' ) AND ( `dining` = 0 ) AND ( `groupon` <> 1 ) LIMIT 1   [ RunTime:0.004540s ]
SQL: SELECT * FROM `ai9me_product` WHERE ( `token` = '55' ) AND ( `dining` = 0 ) AND ( `groupon` <> 1 ) ORDER BY id desc LIMIT 0,20   [ RunTime:0.000576s ]
INFO: [ view_template ] --START--
INFO: Run LocationTemplate Behavior [ RunTime:-0.085270s ]
INFO: [ view_template ] --END-- [ RunTime:0.006199s ]
INFO: [ view_parse ] --START--
INFO: Run ParseTemplate Behavior [ RunTime:-0.091765s ]
INFO: [ view_parse ] --END-- [ RunTime:0.039343s ]
INFO: [ view_filter ] --START--
INFO: Run ContentReplace Behavior [ RunTime:-0.131203s ]
INFO: Run TokenBuild Behavior [ RunTime:-0.132239s ]
INFO: Run WriteHtmlCache Behavior [ RunTime:-0.134311s ]
INFO: Run ShowRuntime Behavior [ RunTime:-0.134778s ]
INFO: [ view_filter ] --END-- [ RunTime:0.004510s ]
INFO: [ view_end ] --START--
INFO: Run ShowPageTrace Behavior [ RunTime:-0.135826s ]
INFO: [ view_end ] --END-- [ RunTime:0.001028s ]

[ 2014-01-22T16:10:55+08:00 ] 122.226.69.250 /admin2/index.php?g=User&m=Product&a=index&dining=1&wxgjuid=7288&wxgjpwd=6bef20a72bf9e22ff589ccb9109529cc&token=57
INFO: [ app_begin ] --START--
INFO: Run ReadHtmlCache Behavior [ RunTime:0.005408s ]
INFO: [ app_begin ] --END-- [ RunTime:0.005659s ]
NOTIC: [2] Cannot use a scalar value as an array /www/web/weixin2/wx/public_html/admin2/Lib/Core/Action.class.php 第 206 行.
SQL: SHOW COLUMNS FROM `ai9me_user_qequest_log` [ RunTime:0.002065s ]
SQL: INSERT INTO `ai9me_user_qequest_log` (`host`,`parameter`,`ip`,`user_id`) VALUES ('GET /admin2/index.php?g=User&m=Product&a=index&dining=1&wxgjuid=7288&wxgjpwd=6bef20a72bf9e22ff589ccb9109529cc&token=57 HTTP/1.1
','','122.226.69.250',null) [ RunTime:0.000465s ]
SQL: SHOW COLUMNS FROM `ai9me_users` [ RunTime:0.002147s ]
SQL: SELECT * FROM `ai9me_users` WHERE ( `username` = '7288' ) LIMIT 1   [ RunTime:0.000842s ]
SQL: SHOW COLUMNS FROM `ai9me_user_group` [ RunTime:0.002193s ]
SQL: SELECT * FROM `ai9me_user_group` WHERE ( `id` = 1 ) LIMIT 1   [ RunTime:0.000228s ]
SQL: INSERT INTO `ai9me_users` (`money`,`gid`,`username`,`password`,`createtime`,`lasttime`,`status`,`viptime`) VALUES (100000,7,'7288','6bef20a72bf9e22ff589ccb9109529cc',1390378255,1390378255,1,'1809964800') [ RunTime:0.000567s ]
NOTIC: [8] Undefined index:  username /www/web/weixin2/wx/public_html/admin2/AI9ME/Lib/Action/UserAction.class.php 第 97 行.
SQL: SHOW COLUMNS FROM `ai9me_wxuser` [ RunTime:0.002180s ]
SQL: INSERT INTO `ai9me_wxuser` (`wxname`,`wxid`,`weixin`,`headerpic`,`token`,`uid`,`tpltypeid`,`tpllistid`,`tplcontentid`,`tpltypename`,`tpllistname`,`tplcontentname`,`createtime`) VALUES ('7288','7288','7288','./tpl/User/default/common/images/portrait.jpg','57',27,'1','1','1','ty_index','yl_list','ktv_content',1390378255) [ RunTime:0.000879s ]
SQL: SHOW COLUMNS FROM `ai9me_token_open` [ RunTime:0.001640s ]
SQL: INSERT INTO `ai9me_token_open` (`uid`,`token`,`queryname`) VALUES (27,'57','tianqi,qiushi,jishuan,langdu,jiankang,kuaidi,xiaohua,changtoushi,peiliao,liaotian,mengjian,yuyinfanyi,huoche,gongjiao,shenfenzheng,shouji,yinle,fujin,choujiang,taobao,userinfo,fanyi,api,suanming,baike,caipiao,choujiang,gua2,shouye,adma,huiyuanka,shenhe,geci,host_kev,diyform,shop,etuan,diymen_set,dx') [ RunTime:0.000489s ]
SQL: SELECT * FROM `ai9me_users` WHERE ( `username` = '7288' ) LIMIT 1   [ RunTime:0.001053s ]
SQL: SHOW COLUMNS FROM `ai9me_user_group` [ RunTime:0.001797s ]
SQL: SELECT * FROM `ai9me_user_group` WHERE ( `id` = 7 ) LIMIT 1   [ RunTime:0.000144s ]
SQL: UPDATE `ai9me_users` SET `lasttime`=1390378255,`lastip`='122.226.69.250' WHERE ( `id` = 27 ) [ RunTime:0.000593s ]
SQL: SELECT * FROM `ai9me_user_group` WHERE ( `id` = 7 ) LIMIT 1   [ RunTime:0.000145s ]
SQL: SHOW COLUMNS FROM `ai9me_users` [ RunTime:0.001798s ]
SQL: SELECT * FROM `ai9me_users` WHERE ( `id` = 27 ) LIMIT 1   [ RunTime:0.000663s ]
SQL: SHOW COLUMNS FROM `ai9me_wxuser` [ RunTime:0.008701s ]
SQL: SELECT `wxname`,`wxid`,`headerpic` FROM `ai9me_wxuser` WHERE ( `token` = '57' ) AND ( `uid` = 27 ) LIMIT 1   [ RunTime:0.000861s ]
SQL: SHOW COLUMNS FROM `ai9me_token_open` [ RunTime:0.001616s ]
SQL: SELECT `queryname` FROM `ai9me_token_open` WHERE ( `token` = '57' ) LIMIT 1   [ RunTime:0.000397s ]
NOTIC: [8] Undefined index:  catid /www/web/weixin2/wx/public_html/admin2/AI9ME/Lib/Action/User/ProductAction.class.php 第 23 行.
SQL: SHOW COLUMNS FROM `ai9me_product` [ RunTime:0.001460s ]
SQL: SHOW COLUMNS FROM `ai9me_product_cat` [ RunTime:0.006019s ]
SQL: SELECT COUNT(*) AS tp_count FROM `ai9me_product` WHERE ( `token` = '57' ) AND ( `dining` = 1 ) AND ( `groupon` <> 1 ) LIMIT 1   [ RunTime:0.000656s ]
SQL: SELECT * FROM `ai9me_product` WHERE ( `token` = '57' ) AND ( `dining` = 1 ) AND ( `groupon` <> 1 ) ORDER BY id desc LIMIT 0,20   [ RunTime:0.004394s ]
INFO: [ view_template ] --START--
INFO: Run LocationTemplate Behavior [ RunTime:-0.179058s ]
INFO: [ view_template ] --END-- [ RunTime:0.000856s ]
INFO: [ view_parse ] --START--
INFO: Run ParseTemplate Behavior [ RunTime:-0.180017s ]
INFO: [ view_parse ] --END-- [ RunTime:0.063509s ]
INFO: [ view_filter ] --START--
INFO: Run ContentReplace Behavior [ RunTime:-0.243640s ]
INFO: Run TokenBuild Behavior [ RunTime:-0.244403s ]
INFO: Run WriteHtmlCache Behavior [ RunTime:-0.249004s ]
INFO: Run ShowRuntime Behavior [ RunTime:-0.249589s ]
INFO: [ view_filter ] --END-- [ RunTime:0.006829s ]
INFO: [ view_end ] --START--
INFO: Run ShowPageTrace Behavior [ RunTime:-0.250654s ]
INFO: [ view_end ] --END-- [ RunTime:0.001355s ]

[ 2014-01-22T16:10:56+08:00 ] 122.226.69.250 /admin2/index.php?g=User&m=Product&a=index&dining=1&wxgjuid=7288&wxgjpwd=6bef20a72bf9e22ff589ccb9109529cc&token=57
INFO: [ app_begin ] --START--
INFO: Run ReadHtmlCache Behavior [ RunTime:0.001376s ]
INFO: [ app_begin ] --END-- [ RunTime:0.001656s ]
NOTIC: [2] Cannot use a scalar value as an array /www/web/weixin2/wx/public_html/admin2/Lib/Core/Action.class.php 第 206 行.
SQL: SHOW COLUMNS FROM `ai9me_user_qequest_log` [ RunTime:0.006057s ]
SQL: INSERT INTO `ai9me_user_qequest_log` (`host`,`parameter`,`ip`,`user_id`) VALUES ('GET /admin2/index.php?g=User&m=Product&a=index&dining=1&wxgjuid=7288&wxgjpwd=6bef20a72bf9e22ff589ccb9109529cc&token=57 HTTP/1.1
','','122.226.69.250','27') [ RunTime:0.000582s ]
SQL: SHOW COLUMNS FROM `ai9me_user_group` [ RunTime:0.001379s ]
SQL: SELECT * FROM `ai9me_user_group` WHERE ( `id` = 7 ) LIMIT 1   [ RunTime:0.000401s ]
SQL: SHOW COLUMNS FROM `ai9me_users` [ RunTime:0.005546s ]
SQL: SELECT * FROM `ai9me_users` WHERE ( `id` = 27 ) LIMIT 1   [ RunTime:0.000494s ]
SQL: SHOW COLUMNS FROM `ai9me_wxuser` [ RunTime:0.001900s ]
SQL: SELECT `wxname`,`wxid`,`headerpic` FROM `ai9me_wxuser` WHERE ( `token` = '57' ) AND ( `uid` = 27 ) LIMIT 1   [ RunTime:0.000259s ]
SQL: SHOW COLUMNS FROM `ai9me_token_open` [ RunTime:0.001084s ]
SQL: SELECT `queryname` FROM `ai9me_token_open` WHERE ( `token` = '57' ) LIMIT 1   [ RunTime:0.000235s ]
NOTIC: [8] Undefined index:  catid /www/web/weixin2/wx/public_html/admin2/AI9ME/Lib/Action/User/ProductAction.class.php 第 23 行.
SQL: SHOW COLUMNS FROM `ai9me_product` [ RunTime:0.005880s ]
SQL: SHOW COLUMNS FROM `ai9me_product_cat` [ RunTime:0.002401s ]
SQL: SELECT COUNT(*) AS tp_count FROM `ai9me_product` WHERE ( `token` = '57' ) AND ( `dining` = 1 ) AND ( `groupon` <> 1 ) LIMIT 1   [ RunTime:0.000531s ]
SQL: SELECT * FROM `ai9me_product` WHERE ( `token` = '57' ) AND ( `dining` = 1 ) AND ( `groupon` <> 1 ) ORDER BY id desc LIMIT 0,20   [ RunTime:0.000278s ]
INFO: [ view_template ] --START--
INFO: Run LocationTemplate Behavior [ RunTime:-0.094842s ]
INFO: [ view_template ] --END-- [ RunTime:0.006811s ]
INFO: [ view_parse ] --START--
INFO: Run ParseTemplate Behavior [ RunTime:-0.102048s ]
INFO: [ view_parse ] --END-- [ RunTime:0.060490s ]
INFO: [ view_filter ] --START--
INFO: Run ContentReplace Behavior [ RunTime:-0.162637s ]
INFO: Run TokenBuild Behavior [ RunTime:-0.163268s ]
INFO: Run WriteHtmlCache Behavior [ RunTime:-0.164145s ]
INFO: Run ShowRuntime Behavior [ RunTime:-0.164619s ]
INFO: [ view_filter ] --END-- [ RunTime:0.006184s ]
INFO: [ view_end ] --START--
INFO: Run ShowPageTrace Behavior [ RunTime:-0.169003s ]
INFO: [ view_end ] --END-- [ RunTime:0.001220s ]

[ 2014-01-22T16:11:13+08:00 ] 122.226.69.250 /admin2/index.php?g=User&m=Product&a=index&dining=1&wxgjuid=7288&wxgjpwd=6bef20a72bf9e22ff589ccb9109529cc&token=57
INFO: [ app_begin ] --START--
INFO: Run ReadHtmlCache Behavior [ RunTime:0.001976s ]
INFO: [ app_begin ] --END-- [ RunTime:0.002312s ]
NOTIC: [2] Cannot use a scalar value as an array /www/web/weixin2/wx/public_html/admin2/Lib/Core/Action.class.php 第 206 行.
SQL: SHOW COLUMNS FROM `ai9me_user_qequest_log` [ RunTime:0.001647s ]
SQL: INSERT INTO `ai9me_user_qequest_log` (`host`,`parameter`,`ip`,`user_id`) VALUES ('GET /admin2/index.php?g=User&m=Product&a=index&dining=1&wxgjuid=7288&wxgjpwd=6bef20a72bf9e22ff589ccb9109529cc&token=57 HTTP/1.1
','','122.226.69.250','27') [ RunTime:0.000347s ]
SQL: SHOW COLUMNS FROM `ai9me_user_group` [ RunTime:0.001805s ]
SQL: SELECT * FROM `ai9me_user_group` WHERE ( `id` = 7 ) LIMIT 1   [ RunTime:0.000241s ]
SQL: SHOW COLUMNS FROM `ai9me_users` [ RunTime:0.001599s ]
SQL: SELECT * FROM `ai9me_users` WHERE ( `id` = 27 ) LIMIT 1   [ RunTime:0.000267s ]
SQL: SHOW COLUMNS FROM `ai9me_wxuser` [ RunTime:0.001921s ]
SQL: SELECT `wxname`,`wxid`,`headerpic` FROM `ai9me_wxuser` WHERE ( `token` = '57' ) AND ( `uid` = 27 ) LIMIT 1   [ RunTime:0.000200s ]
SQL: SHOW COLUMNS FROM `ai9me_token_open` [ RunTime:0.001586s ]
SQL: SELECT `queryname` FROM `ai9me_token_open` WHERE ( `token` = '57' ) LIMIT 1   [ RunTime:0.000358s ]
NOTIC: [8] Undefined index:  catid /www/web/weixin2/wx/public_html/admin2/AI9ME/Lib/Action/User/ProductAction.class.php 第 23 行.
SQL: SHOW COLUMNS FROM `ai9me_product` [ RunTime:0.002050s ]
SQL: SHOW COLUMNS FROM `ai9me_product_cat` [ RunTime:0.004091s ]
SQL: SELECT COUNT(*) AS tp_count FROM `ai9me_product` WHERE ( `token` = '57' ) AND ( `dining` = 1 ) AND ( `groupon` <> 1 ) LIMIT 1   [ RunTime:0.000169s ]
SQL: SELECT * FROM `ai9me_product` WHERE ( `token` = '57' ) AND ( `dining` = 1 ) AND ( `groupon` <> 1 ) ORDER BY id desc LIMIT 0,20   [ RunTime:0.000148s ]
INFO: [ view_template ] --START--
INFO: Run LocationTemplate Behavior [ RunTime:-0.096729s ]
INFO: [ view_template ] --END-- [ RunTime:0.001017s ]
INFO: [ view_parse ] --START--
INFO: Run ParseTemplate Behavior [ RunTime:-0.097930s ]
INFO: [ view_parse ] --END-- [ RunTime:0.058100s ]
INFO: [ view_filter ] --START--
INFO: Run ContentReplace Behavior [ RunTime:-0.156192s ]
INFO: Run TokenBuild Behavior [ RunTime:-0.157179s ]
INFO: Run WriteHtmlCache Behavior [ RunTime:-0.162244s ]
INFO: Run ShowRuntime Behavior [ RunTime:-0.162919s ]
INFO: [ view_filter ] --END-- [ RunTime:0.007968s ]
INFO: [ view_end ] --START--
INFO: Run ShowPageTrace Behavior [ RunTime:-0.164375s ]
INFO: [ view_end ] --END-- [ RunTime:0.005150s ]

[ 2014-01-22T16:11:43+08:00 ] 122.226.69.250 /admin2/index.php?g=User&m=Product&a=index&dining=1&wxgjuid=7288&wxgjpwd=6bef20a72bf9e22ff589ccb9109529cc&token=57
INFO: [ app_begin ] --START--
INFO: Run ReadHtmlCache Behavior [ RunTime:0.001388s ]
INFO: [ app_begin ] --END-- [ RunTime:0.005229s ]
NOTIC: [2] Cannot use a scalar value as an array /www/web/weixin2/wx/public_html/admin2/Lib/Core/Action.class.php 第 206 行.
SQL: SHOW COLUMNS FROM `ai9me_user_qequest_log` [ RunTime:0.001076s ]
SQL: INSERT INTO `ai9me_user_qequest_log` (`host`,`parameter`,`ip`,`user_id`) VALUES ('GET /admin2/index.php?g=User&m=Product&a=index&dining=1&wxgjuid=7288&wxgjpwd=6bef20a72bf9e22ff589ccb9109529cc&token=57 HTTP/1.1
','','122.226.69.250','27') [ RunTime:0.001518s ]
SQL: SHOW COLUMNS FROM `ai9me_user_group` [ RunTime:0.001703s ]
SQL: SELECT * FROM `ai9me_user_group` WHERE ( `id` = 7 ) LIMIT 1   [ RunTime:0.000172s ]
SQL: SHOW COLUMNS FROM `ai9me_users` [ RunTime:0.001824s ]
SQL: SELECT * FROM `ai9me_users` WHERE ( `id` = 27 ) LIMIT 1   [ RunTime:0.000204s ]
SQL: SHOW COLUMNS FROM `ai9me_wxuser` [ RunTime:0.001835s ]
SQL: SELECT `wxname`,`wxid`,`headerpic` FROM `ai9me_wxuser` WHERE ( `token` = '57' ) AND ( `uid` = 27 ) LIMIT 1   [ RunTime:0.003953s ]
SQL: SHOW COLUMNS FROM `ai9me_token_open` [ RunTime:0.001474s ]
SQL: SELECT `queryname` FROM `ai9me_token_open` WHERE ( `token` = '57' ) LIMIT 1   [ RunTime:0.000117s ]
NOTIC: [8] Undefined index:  catid /www/web/weixin2/wx/public_html/admin2/AI9ME/Lib/Action/User/ProductAction.class.php 第 23 行.
SQL: SHOW COLUMNS FROM `ai9me_product` [ RunTime:0.001492s ]
SQL: SHOW COLUMNS FROM `ai9me_product_cat` [ RunTime:0.001195s ]
SQL: SELECT COUNT(*) AS tp_count FROM `ai9me_product` WHERE ( `token` = '57' ) AND ( `dining` = 1 ) AND ( `groupon` <> 1 ) LIMIT 1   [ RunTime:0.000388s ]
SQL: SELECT * FROM `ai9me_product` WHERE ( `token` = '57' ) AND ( `dining` = 1 ) AND ( `groupon` <> 1 ) ORDER BY id desc LIMIT 0,20   [ RunTime:0.000184s ]
INFO: [ view_template ] --START--
INFO: Run LocationTemplate Behavior [ RunTime:-0.081475s ]
INFO: [ view_template ] --END-- [ RunTime:0.000856s ]
INFO: [ view_parse ] --START--
INFO: Run ParseTemplate Behavior [ RunTime:-0.082500s ]
INFO: [ view_parse ] --END-- [ RunTime:0.059830s ]
INFO: [ view_filter ] --START--
INFO: Run ContentReplace Behavior [ RunTime:-0.142605s ]
INFO: Run TokenBuild Behavior [ RunTime:-0.143564s ]
INFO: Run WriteHtmlCache Behavior [ RunTime:-0.144551s ]
INFO: Run ShowRuntime Behavior [ RunTime:-0.144923s ]
INFO: [ view_filter ] --END-- [ RunTime:0.003273s ]
INFO: [ view_end ] --START--
INFO: Run ShowPageTrace Behavior [ RunTime:-0.145778s ]
INFO: [ view_end ] --END-- [ RunTime:0.001033s ]

[ 2014-01-22T16:37:25+08:00 ] 124.135.164.175 /admin2/
INFO: [ app_begin ] --START--
INFO: Run ReadHtmlCache Behavior [ RunTime:0.002893s ]
INFO: [ app_begin ] --END-- [ RunTime:0.003343s ]
NOTIC: [2] Cannot use a scalar value as an array /www/web/weixin2/wx/public_html/admin2/Lib/Core/Action.class.php 第 206 行.
SQL: SHOW COLUMNS FROM `ai9me_user_qequest_log` [ RunTime:0.001322s ]
SQL: INSERT INTO `ai9me_user_qequest_log` (`host`,`parameter`,`ip`,`user_id`) VALUES ('GET /admin2/ HTTP/1.1
','','124.135.164.175',null) [ RunTime:0.000360s ]
INFO: [ view_template ] --START--
INFO: Run LocationTemplate Behavior [ RunTime:-0.049611s ]
INFO: [ view_template ] --END-- [ RunTime:0.003374s ]
INFO: [ view_parse ] --START--
NOTIC: [8] Use of undefined constant uid - assumed 'uid' /www/web/weixin2/wx/public_html/admin2/Conf/logs/Cache/Home/9f703841b350820226b0781375dcfd42.php 第 29 行.
NOTIC: [8] Undefined index:  uid /www/web/weixin2/wx/public_html/admin2/Conf/logs/Cache/Home/9f703841b350820226b0781375dcfd42.php 第 29 行.
INFO: Run ParseTemplate Behavior [ RunTime:-0.052969s ]
INFO: [ view_parse ] --END-- [ RunTime:0.110991s ]
INFO: [ view_filter ] --START--
INFO: Run ContentReplace Behavior [ RunTime:-0.164045s ]
INFO: Run TokenBuild Behavior [ RunTime:-0.165142s ]
INFO: Run WriteHtmlCache Behavior [ RunTime:-0.166313s ]
INFO: Run ShowRuntime Behavior [ RunTime:-0.166823s ]
INFO: [ view_filter ] --END-- [ RunTime:0.003755s ]
INFO: [ view_end ] --START--
INFO: Run ShowPageTrace Behavior [ RunTime:-0.167939s ]
INFO: [ view_end ] --END-- [ RunTime:0.001144s ]

[ 2014-01-22T16:40:13+08:00 ] 124.135.164.175 /admin2/
INFO: [ app_begin ] --START--
INFO: Run ReadHtmlCache Behavior [ RunTime:0.012329s ]
INFO: [ app_begin ] --END-- [ RunTime:0.012666s ]
NOTIC: [2] Cannot use a scalar value as an array /www/web/weixin2/wx/public_html/admin2/Lib/Core/Action.class.php 第 206 行.
SQL: SHOW COLUMNS FROM `ai9me_user_qequest_log` [ RunTime:0.002799s ]
SQL: INSERT INTO `ai9me_user_qequest_log` (`host`,`parameter`,`ip`,`user_id`) VALUES ('GET /admin2/ HTTP/1.1
','','124.135.164.175',null) [ RunTime:0.000533s ]
INFO: [ view_template ] --START--
INFO: Run LocationTemplate Behavior [ RunTime:-0.048122s ]
INFO: [ view_template ] --END-- [ RunTime:0.000810s ]
INFO: [ view_parse ] --START--
NOTIC: [8] Use of undefined constant uid - assumed 'uid' /www/web/weixin2/wx/public_html/admin2/Conf/logs/Cache/Home/9f703841b350820226b0781375dcfd42.php 第 29 行.
NOTIC: [8] Undefined index:  uid /www/web/weixin2/wx/public_html/admin2/Conf/logs/Cache/Home/9f703841b350820226b0781375dcfd42.php 第 29 行.
INFO: Run ParseTemplate Behavior [ RunTime:-0.049086s ]
INFO: [ view_parse ] --END-- [ RunTime:0.065707s ]
INFO: [ view_filter ] --START--
INFO: Run ContentReplace Behavior [ RunTime:-0.114906s ]
INFO: Run TokenBuild Behavior [ RunTime:-0.115908s ]
INFO: Run WriteHtmlCache Behavior [ RunTime:-0.121728s ]
INFO: Run ShowRuntime Behavior [ RunTime:-0.122412s ]
INFO: [ view_filter ] --END-- [ RunTime:0.009894s ]
INFO: [ view_end ] --START--
INFO: Run ShowPageTrace Behavior [ RunTime:-0.125134s ]
INFO: [ view_end ] --END-- [ RunTime:0.003829s ]

[ 2014-01-22T16:44:53+08:00 ] 122.226.69.250 /admin2/index.php?g=User&m=Product&a=pay&token=57&pay=1&dining=1
INFO: [ app_begin ] --START--
INFO: Run ReadHtmlCache Behavior [ RunTime:0.014110s ]
INFO: [ app_begin ] --END-- [ RunTime:0.014463s ]
NOTIC: [2] Cannot use a scalar value as an array /www/web/weixin2/wx/public_html/admin2/Lib/Core/Action.class.php 第 206 行.
SQL: SHOW COLUMNS FROM `ai9me_user_qequest_log` [ RunTime:0.001823s ]
SQL: INSERT INTO `ai9me_user_qequest_log` (`host`,`parameter`,`ip`,`user_id`) VALUES ('GET /admin2/index.php?g=User&m=Product&a=pay&token=57&pay=1&dining=1 HTTP/1.1
','','122.226.69.250','27') [ RunTime:0.000381s ]
NOTIC: [8] Undefined index:  wxgjuid /www/web/weixin2/wx/public_html/admin2/AI9ME/Lib/Action/UserAction.class.php 第 6 行.
NOTIC: [8] Undefined index:  wxgjpwd /www/web/weixin2/wx/public_html/admin2/AI9ME/Lib/Action/UserAction.class.php 第 7 行.
SQL: SHOW COLUMNS FROM `ai9me_user_group` [ RunTime:0.001583s ]
SQL: SELECT * FROM `ai9me_user_group` WHERE ( `id` = 7 ) LIMIT 1   [ RunTime:0.000285s ]
SQL: SHOW COLUMNS FROM `ai9me_users` [ RunTime:0.001358s ]
SQL: SELECT * FROM `ai9me_users` WHERE ( `id` = 27 ) LIMIT 1   [ RunTime:0.000211s ]
SQL: SHOW COLUMNS FROM `ai9me_wxuser` [ RunTime:0.001720s ]
SQL: SELECT `wxname`,`wxid`,`headerpic` FROM `ai9me_wxuser` WHERE ( `token` = '57' ) AND ( `uid` = 27 ) LIMIT 1   [ RunTime:0.000172s ]
SQL: SHOW COLUMNS FROM `ai9me_token_open` [ RunTime:0.005048s ]
SQL: SELECT `queryname` FROM `ai9me_token_open` WHERE ( `token` = '57' ) LIMIT 1   [ RunTime:0.000283s ]
SQL: SHOW COLUMNS FROM `ai9me_pay_set` [ RunTime:0.002455s ]
SQL: SELECT * FROM `ai9me_pay_set` WHERE ( `token` = '57' ) LIMIT 1   [ RunTime:0.000421s ]
INFO: [ view_template ] --START--
INFO: Run LocationTemplate Behavior [ RunTime:-0.071324s ]
INFO: [ view_template ] --END-- [ RunTime:0.000910s ]
INFO: [ view_parse ] --START--
NOTIC: [8] Undefined variable: infoType /www/web/weixin2/wx/public_html/admin2/Conf/logs/Cache/User/d8c68fa7afe2c056c8f799e46b2ccca6.php 第 26 行.
NOTIC: [8] Undefined variable: infoType /www/web/weixin2/wx/public_html/admin2/Conf/logs/Cache/User/d8c68fa7afe2c056c8f799e46b2ccca6.php 第 31 行.
INFO: Run ParseTemplate Behavior [ RunTime:-0.072397s ]
INFO: [ view_parse ] --END-- [ RunTime:0.046495s ]
INFO: [ view_filter ] --START--
INFO: Run ContentReplace Behavior [ RunTime:-0.119000s ]
INFO: Run TokenBuild Behavior [ RunTime:-0.119459s ]
INFO: Run WriteHtmlCache Behavior [ RunTime:-0.120129s ]
INFO: Run ShowRuntime Behavior [ RunTime:-0.120441s ]
INFO: [ view_filter ] --END-- [ RunTime:0.002530s ]
INFO: [ view_end ] --START--
INFO: Run ShowPageTrace Behavior [ RunTime:-0.121685s ]
INFO: [ view_end ] --END-- [ RunTime:0.001004s ]

[ 2014-01-22T16:53:03+08:00 ] 182.151.71.57 /admin2/
INFO: [ app_begin ] --START--
INFO: Run ReadHtmlCache Behavior [ RunTime:0.001439s ]
INFO: [ app_begin ] --END-- [ RunTime:0.001679s ]
NOTIC: [2] Cannot use a scalar value as an array /www/web/weixin2/wx/public_html/admin2/Lib/Core/Action.class.php 第 206 行.
SQL: SHOW COLUMNS FROM `ai9me_user_qequest_log` [ RunTime:0.001163s ]
SQL: INSERT INTO `ai9me_user_qequest_log` (`host`,`parameter`,`ip`,`user_id`) VALUES ('GET /admin2/ HTTP/1.1
','','182.151.71.57',null) [ RunTime:0.000353s ]
INFO: [ view_template ] --START--
INFO: Run LocationTemplate Behavior [ RunTime:-0.033411s ]
INFO: [ view_template ] --END-- [ RunTime:0.000517s ]
INFO: [ view_parse ] --START--
NOTIC: [8] Use of undefined constant uid - assumed 'uid' /www/web/weixin2/wx/public_html/admin2/Conf/logs/Cache/Home/9f703841b350820226b0781375dcfd42.php 第 29 行.
NOTIC: [8] Undefined index:  uid /www/web/weixin2/wx/public_html/admin2/Conf/logs/Cache/Home/9f703841b350820226b0781375dcfd42.php 第 29 行.
INFO: Run ParseTemplate Behavior [ RunTime:-0.034283s ]
INFO: [ view_parse ] --END-- [ RunTime:0.084485s ]
INFO: [ view_filter ] --START--
INFO: Run ContentReplace Behavior [ RunTime:-0.118923s ]
INFO: Run TokenBuild Behavior [ RunTime:-0.119872s ]
INFO: Run WriteHtmlCache Behavior [ RunTime:-0.120791s ]
INFO: Run ShowRuntime Behavior [ RunTime:-0.121341s ]
INFO: [ view_filter ] --END-- [ RunTime:0.003465s ]
INFO: [ view_end ] --START--
INFO: Run ShowPageTrace Behavior [ RunTime:-0.122580s ]
INFO: [ view_end ] --END-- [ RunTime:0.001172s ]

[ 2014-01-22T20:21:19+08:00 ] 117.24.24.90 /admin2/index.php?g=User&m=Product&a=index&dining=1&wxgjuid=7290&wxgjpwd=e10adc3949ba59abbe56e057f20f883e&token=59
INFO: [ app_begin ] --START--
INFO: Run ReadHtmlCache Behavior [ RunTime:0.016707s ]
INFO: [ app_begin ] --END-- [ RunTime:0.022656s ]
NOTIC: [2] Cannot use a scalar value as an array /www/web/weixin2/wx/public_html/admin2/Lib/Core/Action.class.php 第 206 行.
SQL: SHOW COLUMNS FROM `ai9me_user_qequest_log` [ RunTime:0.026509s ]
SQL: INSERT INTO `ai9me_user_qequest_log` (`host`,`parameter`,`ip`,`user_id`) VALUES ('GET /admin2/index.php?g=User&m=Product&a=index&dining=1&wxgjuid=7290&wxgjpwd=e10adc3949ba59abbe56e057f20f883e&token=59 HTTP/1.1
','','117.24.24.90',null) [ RunTime:0.027347s ]
SQL: SHOW COLUMNS FROM `ai9me_users` [ RunTime:0.013498s ]
SQL: SELECT * FROM `ai9me_users` WHERE ( `username` = '7290' ) LIMIT 1   [ RunTime:0.007480s ]
SQL: SHOW COLUMNS FROM `ai9me_user_group` [ RunTime:0.005875s ]
SQL: SELECT * FROM `ai9me_user_group` WHERE ( `id` = 1 ) LIMIT 1   [ RunTime:0.003224s ]
SQL: INSERT INTO `ai9me_users` (`money`,`gid`,`username`,`password`,`createtime`,`lasttime`,`status`,`viptime`) VALUES (100000,7,'7290','e10adc3949ba59abbe56e057f20f883e',1390393279,1390393279,1,'1809964800') [ RunTime:0.000386s ]
NOTIC: [8] Undefined index:  username /www/web/weixin2/wx/public_html/admin2/AI9ME/Lib/Action/UserAction.class.php 第 97 行.
SQL: SHOW COLUMNS FROM `ai9me_wxuser` [ RunTime:0.122784s ]
SQL: INSERT INTO `ai9me_wxuser` (`wxname`,`wxid`,`weixin`,`headerpic`,`token`,`uid`,`tpltypeid`,`tpllistid`,`tplcontentid`,`tpltypename`,`tpllistname`,`tplcontentname`,`createtime`) VALUES ('7290','7290','7290','./tpl/User/default/common/images/portrait.jpg','59',28,'1','1','1','ty_index','yl_list','ktv_content',1390393279) [ RunTime:0.006836s ]
SQL: SHOW COLUMNS FROM `ai9me_token_open` [ RunTime:0.028895s ]
SQL: INSERT INTO `ai9me_token_open` (`uid`,`token`,`queryname`) VALUES (28,'59','tianqi,qiushi,jishuan,langdu,jiankang,kuaidi,xiaohua,changtoushi,peiliao,liaotian,mengjian,yuyinfanyi,huoche,gongjiao,shenfenzheng,shouji,yinle,fujin,choujiang,taobao,userinfo,fanyi,api,suanming,baike,caipiao,choujiang,gua2,shouye,adma,huiyuanka,shenhe,geci,host_kev,diyform,shop,etuan,diymen_set,dx') [ RunTime:0.013913s ]
SQL: SELECT * FROM `ai9me_users` WHERE ( `username` = '7290' ) LIMIT 1   [ RunTime:0.000788s ]
SQL: SHOW COLUMNS FROM `ai9me_user_group` [ RunTime:0.001249s ]
SQL: SELECT * FROM `ai9me_user_group` WHERE ( `id` = 7 ) LIMIT 1   [ RunTime:0.000386s ]
SQL: UPDATE `ai9me_users` SET `lasttime`=1390393279,`lastip`='117.24.24.90' WHERE ( `id` = 28 ) [ RunTime:0.000646s ]
SQL: SELECT * FROM `ai9me_user_group` WHERE ( `id` = 7 ) LIMIT 1   [ RunTime:0.000236s ]
SQL: SHOW COLUMNS FROM `ai9me_users` [ RunTime:0.001471s ]
SQL: SELECT * FROM `ai9me_users` WHERE ( `id` = 28 ) LIMIT 1   [ RunTime:0.000873s ]
SQL: SHOW COLUMNS FROM `ai9me_wxuser` [ RunTime:0.001674s ]
SQL: SELECT `wxname`,`wxid`,`headerpic` FROM `ai9me_wxuser` WHERE ( `token` = '59' ) AND ( `uid` = 28 ) LIMIT 1   [ RunTime:0.048261s ]
SQL: SHOW COLUMNS FROM `ai9me_token_open` [ RunTime:0.001271s ]
SQL: SELECT `queryname` FROM `ai9me_token_open` WHERE ( `token` = '59' ) LIMIT 1   [ RunTime:0.000457s ]
NOTIC: [8] Undefined index:  catid /www/web/weixin2/wx/public_html/admin2/AI9ME/Lib/Action/User/ProductAction.class.php 第 23 行.
SQL: SHOW COLUMNS FROM `ai9me_product` [ RunTime:0.021274s ]
SQL: SHOW COLUMNS FROM `ai9me_product_cat` [ RunTime:0.010490s ]
SQL: SELECT COUNT(*) AS tp_count FROM `ai9me_product` WHERE ( `token` = '59' ) AND ( `dining` = 1 ) AND ( `groupon` <> 1 ) LIMIT 1   [ RunTime:0.000763s ]
SQL: SELECT * FROM `ai9me_product` WHERE ( `token` = '59' ) AND ( `dining` = 1 ) AND ( `groupon` <> 1 ) ORDER BY id desc LIMIT 0,20   [ RunTime:0.000965s ]
INFO: [ view_template ] --START--
INFO: Run LocationTemplate Behavior [ RunTime:-0.595298s ]
INFO: [ view_template ] --END-- [ RunTime:0.029276s ]
INFO: [ view_parse ] --START--
INFO: Run ParseTemplate Behavior [ RunTime:-0.624748s ]
INFO: [ view_parse ] --END-- [ RunTime:0.125283s ]
INFO: [ view_filter ] --START--
INFO: Run ContentReplace Behavior [ RunTime:-0.750149s ]
INFO: Run TokenBuild Behavior [ RunTime:-0.757498s ]
INFO: Run WriteHtmlCache Behavior [ RunTime:-0.759352s ]
INFO: Run ShowRuntime Behavior [ RunTime:-0.760953s ]
INFO: [ view_filter ] --END-- [ RunTime:0.014944s ]
INFO: [ view_end ] --START--
INFO: Run ShowPageTrace Behavior [ RunTime:-0.765422s ]
INFO: [ view_end ] --END-- [ RunTime:0.003049s ]

[ 2014-01-22T20:21:29+08:00 ] 117.24.24.90 /admin2/index.php?g=User&m=Product&a=index&dining=0&wxgjuid=7290&wxgjpwd=e10adc3949ba59abbe56e057f20f883e&token=59
INFO: [ app_begin ] --START--
INFO: Run ReadHtmlCache Behavior [ RunTime:0.000898s ]
INFO: [ app_begin ] --END-- [ RunTime:0.001099s ]
NOTIC: [2] Cannot use a scalar value as an array /www/web/weixin2/wx/public_html/admin2/Lib/Core/Action.class.php 第 206 行.
SQL: SHOW COLUMNS FROM `ai9me_user_qequest_log` [ RunTime:0.001015s ]
SQL: INSERT INTO `ai9me_user_qequest_log` (`host`,`parameter`,`ip`,`user_id`) VALUES ('GET /admin2/index.php?g=User&m=Product&a=index&dining=0&wxgjuid=7290&wxgjpwd=e10adc3949ba59abbe56e057f20f883e&token=59 HTTP/1.1
','','117.24.24.90','28') [ RunTime:0.000289s ]
SQL: SHOW COLUMNS FROM `ai9me_user_group` [ RunTime:0.000754s ]
SQL: SELECT * FROM `ai9me_user_group` WHERE ( `id` = 7 ) LIMIT 1   [ RunTime:0.000197s ]
SQL: SHOW COLUMNS FROM `ai9me_users` [ RunTime:0.001372s ]
SQL: SELECT * FROM `ai9me_users` WHERE ( `id` = 28 ) LIMIT 1   [ RunTime:0.000166s ]
SQL: SHOW COLUMNS FROM `ai9me_wxuser` [ RunTime:0.001454s ]
SQL: SELECT `wxname`,`wxid`,`headerpic` FROM `ai9me_wxuser` WHERE ( `token` = '59' ) AND ( `uid` = 28 ) LIMIT 1   [ RunTime:0.000114s ]
SQL: SHOW COLUMNS FROM `ai9me_token_open` [ RunTime:0.000613s ]
SQL: SELECT `queryname` FROM `ai9me_token_open` WHERE ( `token` = '59' ) LIMIT 1   [ RunTime:0.000493s ]
NOTIC: [8] Undefined index:  catid /www/web/weixin2/wx/public_html/admin2/AI9ME/Lib/Action/User/ProductAction.class.php 第 23 行.
SQL: SHOW COLUMNS FROM `ai9me_product` [ RunTime:0.002131s ]
SQL: SHOW COLUMNS FROM `ai9me_product_cat` [ RunTime:0.003908s ]
SQL: SELECT COUNT(*) AS tp_count FROM `ai9me_product` WHERE ( `token` = '59' ) AND ( `dining` = 0 ) AND ( `groupon` <> 1 ) LIMIT 1   [ RunTime:0.000675s ]
SQL: SELECT * FROM `ai9me_product` WHERE ( `token` = '59' ) AND ( `dining` = 0 ) AND ( `groupon` <> 1 ) ORDER BY id desc LIMIT 0,20   [ RunTime:0.000876s ]
INFO: [ view_template ] --START--
INFO: Run LocationTemplate Behavior [ RunTime:-0.088271s ]
INFO: [ view_template ] --END-- [ RunTime:0.000556s ]
INFO: [ view_parse ] --START--
INFO: Run ParseTemplate Behavior [ RunTime:-0.088944s ]
INFO: [ view_parse ] --END-- [ RunTime:0.034100s ]
INFO: [ view_filter ] --START--
INFO: Run ContentReplace Behavior [ RunTime:-0.123203s ]
INFO: Run TokenBuild Behavior [ RunTime:-0.123973s ]
INFO: Run WriteHtmlCache Behavior [ RunTime:-0.124672s ]
INFO: Run ShowRuntime Behavior [ RunTime:-0.125165s ]
INFO: [ view_filter ] --END-- [ RunTime:0.002838s ]
INFO: [ view_end ] --START--
INFO: Run ShowPageTrace Behavior [ RunTime:-0.126193s ]
INFO: [ view_end ] --END-- [ RunTime:0.001207s ]

[ 2014-01-22T20:21:32+08:00 ] 117.24.24.90 /admin2/index.php?g=User&m=Product&a=pay&token=59&pay=1&dining=0
INFO: [ app_begin ] --START--
INFO: Run ReadHtmlCache Behavior [ RunTime:0.001095s ]
INFO: [ app_begin ] --END-- [ RunTime:0.001767s ]
NOTIC: [2] Cannot use a scalar value as an array /www/web/weixin2/wx/public_html/admin2/Lib/Core/Action.class.php 第 206 行.
SQL: SHOW COLUMNS FROM `ai9me_user_qequest_log` [ RunTime:0.001080s ]
SQL: INSERT INTO `ai9me_user_qequest_log` (`host`,`parameter`,`ip`,`user_id`) VALUES ('GET /admin2/index.php?g=User&m=Product&a=pay&token=59&pay=1&dining=0 HTTP/1.1
','','117.24.24.90','28') [ RunTime:0.000486s ]
NOTIC: [8] Undefined index:  wxgjuid /www/web/weixin2/wx/public_html/admin2/AI9ME/Lib/Action/UserAction.class.php 第 6 行.
NOTIC: [8] Undefined index:  wxgjpwd /www/web/weixin2/wx/public_html/admin2/AI9ME/Lib/Action/UserAction.class.php 第 7 行.
SQL: SHOW COLUMNS FROM `ai9me_user_group` [ RunTime:0.001101s ]
SQL: SELECT * FROM `ai9me_user_group` WHERE ( `id` = 7 ) LIMIT 1   [ RunTime:0.000143s ]
SQL: SHOW COLUMNS FROM `ai9me_users` [ RunTime:0.001388s ]
SQL: SELECT * FROM `ai9me_users` WHERE ( `id` = 28 ) LIMIT 1   [ RunTime:0.000287s ]
SQL: SHOW COLUMNS FROM `ai9me_wxuser` [ RunTime:0.002171s ]
SQL: SELECT `wxname`,`wxid`,`headerpic` FROM `ai9me_wxuser` WHERE ( `token` = '59' ) AND ( `uid` = 28 ) LIMIT 1   [ RunTime:0.000501s ]
SQL: SHOW COLUMNS FROM `ai9me_token_open` [ RunTime:0.001459s ]
SQL: SELECT `queryname` FROM `ai9me_token_open` WHERE ( `token` = '59' ) LIMIT 1   [ RunTime:0.000233s ]
SQL: SHOW COLUMNS FROM `ai9me_pay_set` [ RunTime:0.020854s ]
SQL: SELECT * FROM `ai9me_pay_set` WHERE ( `token` = '59' ) LIMIT 1   [ RunTime:0.000484s ]
INFO: [ view_template ] --START--
INFO: Run LocationTemplate Behavior [ RunTime:-0.110571s ]
INFO: [ view_template ] --END-- [ RunTime:0.001100s ]
INFO: [ view_parse ] --START--
NOTIC: [8] Undefined variable: infoType /www/web/weixin2/wx/public_html/admin2/Conf/logs/Cache/User/d8c68fa7afe2c056c8f799e46b2ccca6.php 第 26 行.
NOTIC: [8] Undefined variable: infoType /www/web/weixin2/wx/public_html/admin2/Conf/logs/Cache/User/d8c68fa7afe2c056c8f799e46b2ccca6.php 第 31 行.
INFO: Run ParseTemplate Behavior [ RunTime:-0.111897s ]
INFO: [ view_parse ] --END-- [ RunTime:0.060993s ]
INFO: [ view_filter ] --START--
INFO: Run ContentReplace Behavior [ RunTime:-0.173152s ]
INFO: Run TokenBuild Behavior [ RunTime:-0.174369s ]
INFO: Run WriteHtmlCache Behavior [ RunTime:-0.175921s ]
INFO: Run ShowRuntime Behavior [ RunTime:-0.176529s ]
INFO: [ view_filter ] --END-- [ RunTime:0.009678s ]
INFO: [ view_end ] --START--
INFO: Run ShowPageTrace Behavior [ RunTime:-0.185104s ]
INFO: [ view_end ] --END-- [ RunTime:0.011568s ]

[ 2014-01-22T22:24:53+08:00 ] 125.39.9.132 /admin2/index.php?g=User&m=Product&a=index&dining=0&wxgjuid=7293&wxgjpwd=afe64eccdb7421bc15feb9ee30aabc6e&token=62
INFO: [ app_begin ] --START--
INFO: Run ReadHtmlCache Behavior [ RunTime:0.000859s ]
INFO: [ app_begin ] --END-- [ RunTime:0.001247s ]
NOTIC: [2] Cannot use a scalar value as an array /www/web/weixin2/wx/public_html/admin2/Lib/Core/Action.class.php 第 206 行.
SQL: SHOW COLUMNS FROM `ai9me_user_qequest_log` [ RunTime:0.006919s ]
SQL: INSERT INTO `ai9me_user_qequest_log` (`host`,`parameter`,`ip`,`user_id`) VALUES ('GET /admin2/index.php?g=User&m=Product&a=index&dining=0&wxgjuid=7293&wxgjpwd=afe64eccdb7421bc15feb9ee30aabc6e&token=62 HTTP/1.1
','','125.39.9.132',null) [ RunTime:0.000326s ]
SQL: SHOW COLUMNS FROM `ai9me_users` [ RunTime:0.001016s ]
SQL: SELECT * FROM `ai9me_users` WHERE ( `username` = '7293' ) LIMIT 1   [ RunTime:0.000428s ]
SQL: SHOW COLUMNS FROM `ai9me_user_group` [ RunTime:0.000861s ]
SQL: SELECT * FROM `ai9me_user_group` WHERE ( `id` = 1 ) LIMIT 1   [ RunTime:0.000174s ]
SQL: INSERT INTO `ai9me_users` (`money`,`gid`,`username`,`password`,`createtime`,`lasttime`,`status`,`viptime`) VALUES (100000,7,'7293','afe64eccdb7421bc15feb9ee30aabc6e',1390400693,1390400693,1,'1809964800') [ RunTime:0.000290s ]
NOTIC: [8] Undefined index:  username /www/web/weixin2/wx/public_html/admin2/AI9ME/Lib/Action/UserAction.class.php 第 97 行.
SQL: SHOW COLUMNS FROM `ai9me_wxuser` [ RunTime:0.010013s ]
SQL: INSERT INTO `ai9me_wxuser` (`wxname`,`wxid`,`weixin`,`headerpic`,`token`,`uid`,`tpltypeid`,`tpllistid`,`tplcontentid`,`tpltypename`,`tpllistname`,`tplcontentname`,`createtime`) VALUES ('7293','7293','7293','./tpl/User/default/common/images/portrait.jpg','62',29,'1','1','1','ty_index','yl_list','ktv_content',1390400693) [ RunTime:0.000497s ]
SQL: SHOW COLUMNS FROM `ai9me_token_open` [ RunTime:0.000681s ]
SQL: INSERT INTO `ai9me_token_open` (`uid`,`token`,`queryname`) VALUES (29,'62','tianqi,qiushi,jishuan,langdu,jiankang,kuaidi,xiaohua,changtoushi,peiliao,liaotian,mengjian,yuyinfanyi,huoche,gongjiao,shenfenzheng,shouji,yinle,fujin,choujiang,taobao,userinfo,fanyi,api,suanming,baike,caipiao,choujiang,gua2,shouye,adma,huiyuanka,shenhe,geci,host_kev,diyform,shop,etuan,diymen_set,dx') [ RunTime:0.000273s ]
SQL: SELECT * FROM `ai9me_users` WHERE ( `username` = '7293' ) LIMIT 1   [ RunTime:0.000431s ]
SQL: SHOW COLUMNS FROM `ai9me_user_group` [ RunTime:0.000880s ]
SQL: SELECT * FROM `ai9me_user_group` WHERE ( `id` = 7 ) LIMIT 1   [ RunTime:0.005119s ]
SQL: UPDATE `ai9me_users` SET `lasttime`=1390400693,`lastip`='125.39.9.132' WHERE ( `id` = 29 ) [ RunTime:0.000324s ]
SQL: SELECT * FROM `ai9me_user_group` WHERE ( `id` = 7 ) LIMIT 1   [ RunTime:0.000258s ]
SQL: SHOW COLUMNS FROM `ai9me_users` [ RunTime:0.001160s ]
SQL: SELECT * FROM `ai9me_users` WHERE ( `id` = 29 ) LIMIT 1   [ RunTime:0.000439s ]
SQL: SHOW COLUMNS FROM `ai9me_wxuser` [ RunTime:0.001132s ]
SQL: SELECT `wxname`,`wxid`,`headerpic` FROM `ai9me_wxuser` WHERE ( `token` = '62' ) AND ( `uid` = 29 ) LIMIT 1   [ RunTime:0.000470s ]
SQL: SHOW COLUMNS FROM `ai9me_token_open` [ RunTime:0.008482s ]
SQL: SELECT `queryname` FROM `ai9me_token_open` WHERE ( `token` = '62' ) LIMIT 1   [ RunTime:0.000503s ]
NOTIC: [8] Undefined index:  catid /www/web/weixin2/wx/public_html/admin2/AI9ME/Lib/Action/User/ProductAction.class.php 第 23 行.
SQL: SHOW COLUMNS FROM `ai9me_product` [ RunTime:0.001172s ]
SQL: SHOW COLUMNS FROM `ai9me_product_cat` [ RunTime:0.006417s ]
SQL: SELECT COUNT(*) AS tp_count FROM `ai9me_product` WHERE ( `token` = '62' ) AND ( `dining` = 0 ) AND ( `groupon` <> 1 ) LIMIT 1   [ RunTime:0.001122s ]
SQL: SELECT * FROM `ai9me_product` WHERE ( `token` = '62' ) AND ( `dining` = 0 ) AND ( `groupon` <> 1 ) ORDER BY id desc LIMIT 0,20   [ RunTime:0.000481s ]
INFO: [ view_template ] --START--
INFO: Run LocationTemplate Behavior [ RunTime:-0.222125s ]
INFO: [ view_template ] --END-- [ RunTime:0.000889s ]
INFO: [ view_parse ] --START--
INFO: Run ParseTemplate Behavior [ RunTime:-0.222999s ]
INFO: [ view_parse ] --END-- [ RunTime:0.086231s ]
INFO: [ view_filter ] --START--
INFO: Run ContentReplace Behavior [ RunTime:-0.309350s ]
INFO: Run TokenBuild Behavior [ RunTime:-0.311878s ]
INFO: Run WriteHtmlCache Behavior [ RunTime:-0.312544s ]
INFO: Run ShowRuntime Behavior [ RunTime:-0.312986s ]
INFO: [ view_filter ] --END-- [ RunTime:0.004278s ]
INFO: [ view_end ] --START--
INFO: Run ShowPageTrace Behavior [ RunTime:-0.314173s ]
INFO: [ view_end ] --END-- [ RunTime:0.000934s ]

[ 2014-01-22T22:25:18+08:00 ] 125.39.9.132 /admin2/index.php?g=User&m=Product&a=pay&token=62&pay=1&dining=0
INFO: [ app_begin ] --START--
INFO: Run ReadHtmlCache Behavior [ RunTime:0.000758s ]
INFO: [ app_begin ] --END-- [ RunTime:0.000998s ]
NOTIC: [2] Cannot use a scalar value as an array /www/web/weixin2/wx/public_html/admin2/Lib/Core/Action.class.php 第 206 行.
SQL: SHOW COLUMNS FROM `ai9me_user_qequest_log` [ RunTime:0.007790s ]
SQL: INSERT INTO `ai9me_user_qequest_log` (`host`,`parameter`,`ip`,`user_id`) VALUES ('GET /admin2/index.php?g=User&m=Product&a=pay&token=62&pay=1&dining=0 HTTP/1.1
','','125.39.9.132','29') [ RunTime:0.000339s ]
NOTIC: [8] Undefined index:  wxgjuid /www/web/weixin2/wx/public_html/admin2/AI9ME/Lib/Action/UserAction.class.php 第 6 行.
NOTIC: [8] Undefined index:  wxgjpwd /www/web/weixin2/wx/public_html/admin2/AI9ME/Lib/Action/UserAction.class.php 第 7 行.
SQL: SHOW COLUMNS FROM `ai9me_user_group` [ RunTime:0.007154s ]
SQL: SELECT * FROM `ai9me_user_group` WHERE ( `id` = 7 ) LIMIT 1   [ RunTime:0.006969s ]
SQL: SHOW COLUMNS FROM `ai9me_users` [ RunTime:0.000970s ]
SQL: SELECT * FROM `ai9me_users` WHERE ( `id` = 29 ) LIMIT 1   [ RunTime:0.000144s ]
SQL: SHOW COLUMNS FROM `ai9me_wxuser` [ RunTime:0.008823s ]
SQL: SELECT `wxname`,`wxid`,`headerpic` FROM `ai9me_wxuser` WHERE ( `token` = '62' ) AND ( `uid` = 29 ) LIMIT 1   [ RunTime:0.000119s ]
SQL: SHOW COLUMNS FROM `ai9me_token_open` [ RunTime:0.009669s ]
SQL: SELECT `queryname` FROM `ai9me_token_open` WHERE ( `token` = '62' ) LIMIT 1   [ RunTime:0.000132s ]
SQL: SHOW COLUMNS FROM `ai9me_pay_set` [ RunTime:0.006648s ]
SQL: SELECT * FROM `ai9me_pay_set` WHERE ( `token` = '62' ) LIMIT 1   [ RunTime:0.000436s ]
INFO: [ view_template ] --START--
INFO: Run LocationTemplate Behavior [ RunTime:-0.167961s ]
INFO: [ view_template ] --END-- [ RunTime:0.001099s ]
INFO: [ view_parse ] --START--
NOTIC: [8] Undefined variable: infoType /www/web/weixin2/wx/public_html/admin2/Conf/logs/Cache/User/d8c68fa7afe2c056c8f799e46b2ccca6.php 第 26 行.
NOTIC: [8] Undefined variable: infoType /www/web/weixin2/wx/public_html/admin2/Conf/logs/Cache/User/d8c68fa7afe2c056c8f799e46b2ccca6.php 第 31 行.
INFO: Run ParseTemplate Behavior [ RunTime:-0.169116s ]
INFO: [ view_parse ] --END-- [ RunTime:0.071058s ]
INFO: [ view_filter ] --START--
INFO: Run ContentReplace Behavior [ RunTime:-0.240252s ]
INFO: Run TokenBuild Behavior [ RunTime:-0.247553s ]
INFO: Run WriteHtmlCache Behavior [ RunTime:-0.248371s ]
INFO: Run ShowRuntime Behavior [ RunTime:-0.248686s ]
INFO: [ view_filter ] --END-- [ RunTime:0.009100s ]
INFO: [ view_end ] --START--
INFO: Run ShowPageTrace Behavior [ RunTime:-0.249478s ]
INFO: [ view_end ] --END-- [ RunTime:0.006396s ]

[ 2014-01-22T22:27:53+08:00 ] 125.39.9.132 /admin2/index.php?g=Wap&m=Product&a=index&wid=62
INFO: [ app_begin ] --START--
INFO: Run ReadHtmlCache Behavior [ RunTime:0.000767s ]
INFO: [ app_begin ] --END-- [ RunTime:0.000937s ]
SQL: SHOW COLUMNS FROM `ai9me_product` [ RunTime:0.011090s ]
SQL: SHOW COLUMNS FROM `ai9me_product_cat` [ RunTime:0.001093s ]
SQL: SHOW COLUMNS FROM `ai9me_token_open` [ RunTime:0.005492s ]
SQL: SELECT `queryname` FROM `ai9me_token_open` WHERE ( `token` = '62' ) LIMIT 1   [ RunTime:0.000180s ]
INFO: [ view_template ] --START--
INFO: Run LocationTemplate Behavior [ RunTime:-0.139842s ]
INFO: [ view_template ] --END-- [ RunTime:0.017594s ]
INFO: [ view_parse ] --START--
NOTIC: [8] Undefined index:  token /www/web/weixin2/wx/public_html/admin2/Conf/logs/Cache/Wap/76e393a1b5f0be5eda998ae0d000f726.php 第 20 行.
NOTIC: [8] Undefined index:  wecha_id /www/web/weixin2/wx/public_html/admin2/Conf/logs/Cache/Wap/76e393a1b5f0be5eda998ae0d000f726.php 第 20 行.
NOTIC: [8] Undefined variable: isDining /www/web/weixin2/wx/public_html/admin2/Conf/logs/Cache/Wap/76e393a1b5f0be5eda998ae0d000f726.php 第 20 行.
NOTIC: [8] Undefined index:  token /www/web/weixin2/wx/public_html/admin2/Conf/logs/Cache/Wap/76e393a1b5f0be5eda998ae0d000f726.php 第 25 行.
NOTIC: [8] Undefined index:  wecha_id /www/web/weixin2/wx/public_html/admin2/Conf/logs/Cache/Wap/76e393a1b5f0be5eda998ae0d000f726.php 第 25 行.
NOTIC: [8] Undefined variable: isDining /www/web/weixin2/wx/public_html/admin2/Conf/logs/Cache/Wap/76e393a1b5f0be5eda998ae0d000f726.php 第 25 行.
NOTIC: [8] Undefined index:  token /www/web/weixin2/wx/public_html/admin2/Conf/logs/Cache/Wap/76e393a1b5f0be5eda998ae0d000f726.php 第 30 行.
NOTIC: [8] Undefined index:  wecha_id /www/web/weixin2/wx/public_html/admin2/Conf/logs/Cache/Wap/76e393a1b5f0be5eda998ae0d000f726.php 第 30 行.
NOTIC: [8] Undefined variable: isDining /www/web/weixin2/wx/public_html/admin2/Conf/logs/Cache/Wap/76e393a1b5f0be5eda998ae0d000f726.php 第 30 行.
NOTIC: [8] Undefined index:  token /www/web/weixin2/wx/public_html/admin2/Conf/logs/Cache/Wap/76e393a1b5f0be5eda998ae0d000f726.php 第 36 行.
NOTIC: [8] Undefined index:  wecha_id /www/web/weixin2/wx/public_html/admin2/Conf/logs/Cache/Wap/76e393a1b5f0be5eda998ae0d000f726.php 第 36 行.
NOTIC: [8] Undefined variable: isDining /www/web/weixin2/wx/public_html/admin2/Conf/logs/Cache/Wap/76e393a1b5f0be5eda998ae0d000f726.php 第 36 行.
NOTIC: [8] Undefined index:  token /www/web/weixin2/wx/public_html/admin2/Conf/logs/Cache/Wap/76e393a1b5f0be5eda998ae0d000f726.php 第 47 行.
NOTIC: [8] Undefined index:  wecha_id /www/web/weixin2/wx/public_html/admin2/Conf/logs/Cache/Wap/76e393a1b5f0be5eda998ae0d000f726.php 第 47 行.
NOTIC: [8] Undefined variable: isDining /www/web/weixin2/wx/public_html/admin2/Conf/logs/Cache/Wap/76e393a1b5f0be5eda998ae0d000f726.php 第 47 行.
INFO: Run ParseTemplate Behavior [ RunTime:-0.157538s ]
INFO: [ view_parse ] --END-- [ RunTime:0.384750s ]
INFO: [ view_filter ] --START--
INFO: Run ContentReplace Behavior [ RunTime:-0.542398s ]
INFO: Run TokenBuild Behavior [ RunTime:-0.542998s ]
INFO: Run WriteHtmlCache Behavior [ RunTime:-0.543508s ]
INFO: Run ShowRuntime Behavior [ RunTime:-0.550614s ]
INFO: [ view_filter ] --END-- [ RunTime:0.008898s ]
INFO: [ view_end ] --START--
INFO: Run ShowPageTrace Behavior [ RunTime:-0.551410s ]
INFO: [ view_end ] --END-- [ RunTime:0.000802s ]

[ 2014-01-22T22:27:59+08:00 ] 125.39.9.132 /admin2/index.php?g=Wap&m=Product&a=dining&token=62&dining=1
INFO: [ app_begin ] --START--
INFO: Run ReadHtmlCache Behavior [ RunTime:0.008734s ]
INFO: [ app_begin ] --END-- [ RunTime:0.008927s ]
SQL: SHOW COLUMNS FROM `ai9me_product` [ RunTime:0.000924s ]
SQL: SHOW COLUMNS FROM `ai9me_product_cat` [ RunTime:0.004890s ]
SQL: SHOW COLUMNS FROM `ai9me_reply_info` [ RunTime:0.017544s ]
SQL: SELECT * FROM `ai9me_reply_info` WHERE ( `infotype` = 'Dining' ) AND ( `token` = '62' ) LIMIT 1   [ RunTime:0.000360s ]
INFO: [ view_template ] --START--
INFO: Run LocationTemplate Behavior [ RunTime:-0.106926s ]
INFO: [ view_template ] --END-- [ RunTime:0.000738s ]
INFO: [ view_parse ] --START--
NOTIC: [8] Undefined index:  wecha_id /www/web/weixin2/wx/public_html/admin2/Conf/logs/Cache/Wap/b6667f252842e876adc84ddea8d5b193.php 第 20 行.
NOTIC: [8] Undefined index:  wecha_id /www/web/weixin2/wx/public_html/admin2/Conf/logs/Cache/Wap/b6667f252842e876adc84ddea8d5b193.php 第 25 行.
NOTIC: [8] Undefined index:  wecha_id /www/web/weixin2/wx/public_html/admin2/Conf/logs/Cache/Wap/b6667f252842e876adc84ddea8d5b193.php 第 30 行.
NOTIC: [8] Undefined index:  wecha_id /www/web/weixin2/wx/public_html/admin2/Conf/logs/Cache/Wap/b6667f252842e876adc84ddea8d5b193.php 第 36 行.
NOTIC: [8] Undefined index:  wecha_id /www/web/weixin2/wx/public_html/admin2/Conf/logs/Cache/Wap/b6667f252842e876adc84ddea8d5b193.php 第 47 行.
INFO: Run ParseTemplate Behavior [ RunTime:-0.107771s ]
INFO: [ view_parse ] --END-- [ RunTime:0.379138s ]
INFO: [ view_filter ] --START--
INFO: Run ContentReplace Behavior [ RunTime:-0.486983s ]
INFO: Run TokenBuild Behavior [ RunTime:-0.491539s ]
INFO: Run WriteHtmlCache Behavior [ RunTime:-0.492086s ]
INFO: Run ShowRuntime Behavior [ RunTime:-0.492343s ]
INFO: [ view_filter ] --END-- [ RunTime:0.005919s ]
INFO: [ view_end ] --START--
INFO: Run ShowPageTrace Behavior [ RunTime:-0.493007s ]
INFO: [ view_end ] --END-- [ RunTime:0.008229s ]

[ 2014-01-22T22:28:01+08:00 ] 125.39.9.132 /admin2/index.php?g=Wap&m=Product&a=cats&token=62&dining=1
INFO: [ app_begin ] --START--
INFO: Run ReadHtmlCache Behavior [ RunTime:0.002866s ]
INFO: [ app_begin ] --END-- [ RunTime:0.011147s ]
SQL: SHOW COLUMNS FROM `ai9me_product` [ RunTime:0.005339s ]
SQL: SHOW COLUMNS FROM `ai9me_product_cat` [ RunTime:0.000699s ]
SQL: SELECT * FROM `ai9me_product_cat` WHERE ( `parentid` = 0 ) AND ( `token` = '62' ) AND ( `dining` = 1 ) ORDER BY id asc  [ RunTime:0.000521s ]
INFO: [ view_template ] --START--
INFO: Run LocationTemplate Behavior [ RunTime:-0.110228s ]
INFO: [ view_template ] --END-- [ RunTime:0.000667s ]
INFO: [ view_parse ] --START--
NOTIC: [8] Undefined index:  wecha_id /www/web/weixin2/wx/public_html/admin2/Conf/logs/Cache/Wap/fb05505e898fd69c3ae106722f715eaf.php 第 20 行.
NOTIC: [8] Undefined index:  wecha_id /www/web/weixin2/wx/public_html/admin2/Conf/logs/Cache/Wap/fb05505e898fd69c3ae106722f715eaf.php 第 25 行.
NOTIC: [8] Undefined index:  wecha_id /www/web/weixin2/wx/public_html/admin2/Conf/logs/Cache/Wap/fb05505e898fd69c3ae106722f715eaf.php 第 30 行.
NOTIC: [8] Undefined index:  wecha_id /www/web/weixin2/wx/public_html/admin2/Conf/logs/Cache/Wap/fb05505e898fd69c3ae106722f715eaf.php 第 36 行.
NOTIC: [8] Undefined index:  wecha_id /www/web/weixin2/wx/public_html/admin2/Conf/logs/Cache/Wap/fb05505e898fd69c3ae106722f715eaf.php 第 47 行.
NOTIC: [8] Undefined variable: parentid /www/web/weixin2/wx/public_html/admin2/Conf/logs/Cache/Wap/fb05505e898fd69c3ae106722f715eaf.php 第 52 行.
INFO: Run ParseTemplate Behavior [ RunTime:-0.110983s ]
INFO: [ view_parse ] --END-- [ RunTime:0.457746s ]
INFO: [ view_filter ] --START--
INFO: Run ContentReplace Behavior [ RunTime:-0.568854s ]
INFO: Run TokenBuild Behavior [ RunTime:-0.581464s ]
INFO: Run WriteHtmlCache Behavior [ RunTime:-0.582725s ]
INFO: Run ShowRuntime Behavior [ RunTime:-0.583041s ]
INFO: [ view_filter ] --END-- [ RunTime:0.023801s ]
INFO: [ view_end ] --START--
INFO: Run ShowPageTrace Behavior [ RunTime:-0.592807s ]
INFO: [ view_end ] --END-- [ RunTime:0.009407s ]

[ 2014-01-22T23:56:50+08:00 ] 119.129.95.244 /admin2/index.php?g=User&m=Product&a=index&dining=1&wxgjuid=7276&wxgjpwd=fc3e3fae15020d3d37410f33091a2929&token=42
INFO: [ app_begin ] --START--
INFO: Run ReadHtmlCache Behavior [ RunTime:0.001332s ]
INFO: [ app_begin ] --END-- [ RunTime:0.001517s ]
NOTIC: [2] Cannot use a scalar value as an array /www/web/weixin2/wx/public_html/admin2/Lib/Core/Action.class.php 第 206 行.
SQL: SHOW COLUMNS FROM `ai9me_user_qequest_log` [ RunTime:0.000846s ]
SQL: INSERT INTO `ai9me_user_qequest_log` (`host`,`parameter`,`ip`,`user_id`) VALUES ('GET /admin2/index.php?g=User&m=Product&a=index&dining=1&wxgjuid=7276&wxgjpwd=fc3e3fae15020d3d37410f33091a2929&token=42 HTTP/1.1
','','119.129.95.244',null) [ RunTime:0.000292s ]
SQL: SHOW COLUMNS FROM `ai9me_users` [ RunTime:0.005992s ]
SQL: SELECT * FROM `ai9me_users` WHERE ( `username` = '7276' ) LIMIT 1   [ RunTime:0.000546s ]
SQL: SHOW COLUMNS FROM `ai9me_user_group` [ RunTime:0.004558s ]
SQL: SELECT * FROM `ai9me_user_group` WHERE ( `id` = 7 ) LIMIT 1   [ RunTime:0.000245s ]
SQL: UPDATE `ai9me_users` SET `lasttime`=1390406210,`lastip`='119.129.95.244' WHERE ( `id` = 20 ) [ RunTime:0.000266s ]
SQL: SHOW COLUMNS FROM `ai9me_user_group` [ RunTime:0.006103s ]
SQL: SELECT * FROM `ai9me_user_group` WHERE ( `id` = 7 ) LIMIT 1   [ RunTime:0.000272s ]
SQL: SHOW COLUMNS FROM `ai9me_users` [ RunTime:0.000993s ]
SQL: SELECT * FROM `ai9me_users` WHERE ( `id` = 20 ) LIMIT 1   [ RunTime:0.000390s ]
SQL: SHOW COLUMNS FROM `ai9me_wxuser` [ RunTime:0.001215s ]
SQL: SELECT `wxname`,`wxid`,`headerpic` FROM `ai9me_wxuser` WHERE ( `token` = '42' ) AND ( `uid` = 20 ) LIMIT 1   [ RunTime:0.000388s ]
SQL: SHOW COLUMNS FROM `ai9me_token_open` [ RunTime:0.000675s ]
SQL: SELECT `queryname` FROM `ai9me_token_open` WHERE ( `token` = '42' ) LIMIT 1   [ RunTime:0.014986s ]
NOTIC: [8] Undefined index:  catid /www/web/weixin2/wx/public_html/admin2/AI9ME/Lib/Action/User/ProductAction.class.php 第 23 行.
SQL: SHOW COLUMNS FROM `ai9me_product` [ RunTime:0.001046s ]
SQL: SHOW COLUMNS FROM `ai9me_product_cat` [ RunTime:0.000646s ]
SQL: SELECT COUNT(*) AS tp_count FROM `ai9me_product` WHERE ( `token` = '42' ) AND ( `dining` = 1 ) AND ( `groupon` <> 1 ) LIMIT 1   [ RunTime:0.000723s ]
SQL: SELECT * FROM `ai9me_product` WHERE ( `token` = '42' ) AND ( `dining` = 1 ) AND ( `groupon` <> 1 ) ORDER BY id desc LIMIT 0,20   [ RunTime:0.000537s ]
INFO: [ view_template ] --START--
INFO: Run LocationTemplate Behavior [ RunTime:-0.097466s ]
INFO: [ view_template ] --END-- [ RunTime:0.001254s ]
INFO: [ view_parse ] --START--
INFO: Run ParseTemplate Behavior [ RunTime:-0.098670s ]
INFO: [ view_parse ] --END-- [ RunTime:0.066349s ]
INFO: [ view_filter ] --START--
INFO: Run ContentReplace Behavior [ RunTime:-0.165114s ]
INFO: Run TokenBuild Behavior [ RunTime:-0.165743s ]
INFO: Run WriteHtmlCache Behavior [ RunTime:-0.166355s ]
INFO: Run ShowRuntime Behavior [ RunTime:-0.166657s ]
INFO: [ view_filter ] --END-- [ RunTime:0.009161s ]
INFO: [ view_end ] --START--
INFO: Run ShowPageTrace Behavior [ RunTime:-0.174381s ]
INFO: [ view_end ] --END-- [ RunTime:0.002758s ]

[ 2014-01-22T23:57:12+08:00 ] 119.129.95.244 /admin2/index.php?g=User&m=Product&a=index&dining=0&wxgjuid=7276&wxgjpwd=fc3e3fae15020d3d37410f33091a2929&token=42
INFO: [ app_begin ] --START--
INFO: Run ReadHtmlCache Behavior [ RunTime:0.000685s ]
INFO: [ app_begin ] --END-- [ RunTime:0.000835s ]
NOTIC: [2] Cannot use a scalar value as an array /www/web/weixin2/wx/public_html/admin2/Lib/Core/Action.class.php 第 206 行.
SQL: SHOW COLUMNS FROM `ai9me_user_qequest_log` [ RunTime:0.000641s ]
SQL: INSERT INTO `ai9me_user_qequest_log` (`host`,`parameter`,`ip`,`user_id`) VALUES ('GET /admin2/index.php?g=User&m=Product&a=index&dining=0&wxgjuid=7276&wxgjpwd=fc3e3fae15020d3d37410f33091a2929&token=42 HTTP/1.1
','','119.129.95.244','20') [ RunTime:0.008367s ]
SQL: SHOW COLUMNS FROM `ai9me_user_group` [ RunTime:0.000883s ]
SQL: SELECT * FROM `ai9me_user_group` WHERE ( `id` = 7 ) LIMIT 1   [ RunTime:0.000108s ]
SQL: SHOW COLUMNS FROM `ai9me_users` [ RunTime:0.007776s ]
SQL: SELECT * FROM `ai9me_users` WHERE ( `id` = 20 ) LIMIT 1   [ RunTime:0.000249s ]
SQL: SHOW COLUMNS FROM `ai9me_wxuser` [ RunTime:0.000980s ]
SQL: SELECT `wxname`,`wxid`,`headerpic` FROM `ai9me_wxuser` WHERE ( `token` = '42' ) AND ( `uid` = 20 ) LIMIT 1   [ RunTime:0.000137s ]
SQL: SHOW COLUMNS FROM `ai9me_token_open` [ RunTime:0.000779s ]
SQL: SELECT `queryname` FROM `ai9me_token_open` WHERE ( `token` = '42' ) LIMIT 1   [ RunTime:0.000111s ]
NOTIC: [8] Undefined index:  catid /www/web/weixin2/wx/public_html/admin2/AI9ME/Lib/Action/User/ProductAction.class.php 第 23 行.
SQL: SHOW COLUMNS FROM `ai9me_product` [ RunTime:0.000976s ]
SQL: SHOW COLUMNS FROM `ai9me_product_cat` [ RunTime:0.007457s ]
SQL: SELECT COUNT(*) AS tp_count FROM `ai9me_product` WHERE ( `token` = '42' ) AND ( `dining` = 0 ) AND ( `groupon` <> 1 ) LIMIT 1   [ RunTime:0.000468s ]
SQL: SELECT * FROM `ai9me_product` WHERE ( `token` = '42' ) AND ( `dining` = 0 ) AND ( `groupon` <> 1 ) ORDER BY id desc LIMIT 0,20   [ RunTime:0.000485s ]
INFO: [ view_template ] --START--
INFO: Run LocationTemplate Behavior [ RunTime:-0.096612s ]
INFO: [ view_template ] --END-- [ RunTime:0.000660s ]
INFO: [ view_parse ] --START--
INFO: Run ParseTemplate Behavior [ RunTime:-0.097360s ]
INFO: [ view_parse ] --END-- [ RunTime:0.071968s ]
INFO: [ view_filter ] --START--
INFO: Run ContentReplace Behavior [ RunTime:-0.169487s ]
INFO: Run TokenBuild Behavior [ RunTime:-0.170059s ]
INFO: Run WriteHtmlCache Behavior [ RunTime:-0.170710s ]
INFO: Run ShowRuntime Behavior [ RunTime:-0.171515s ]
INFO: [ view_filter ] --END-- [ RunTime:0.006008s ]
INFO: [ view_end ] --START--
INFO: Run ShowPageTrace Behavior [ RunTime:-0.175624s ]
INFO: [ view_end ] --END-- [ RunTime:0.000941s ]

[ 2014-01-22T23:57:18+08:00 ] 119.129.95.244 /admin2/index.php?g=User&m=Product&a=catAdd&token=42&dining=0
INFO: [ app_begin ] --START--
INFO: Run ReadHtmlCache Behavior [ RunTime:0.000962s ]
INFO: [ app_begin ] --END-- [ RunTime:0.001129s ]
NOTIC: [2] Cannot use a scalar value as an array /www/web/weixin2/wx/public_html/admin2/Lib/Core/Action.class.php 第 206 行.
SQL: SHOW COLUMNS FROM `ai9me_user_qequest_log` [ RunTime:0.001129s ]
SQL: INSERT INTO `ai9me_user_qequest_log` (`host`,`parameter`,`ip`,`user_id`) VALUES ('GET /admin2/index.php?g=User&m=Product&a=catAdd&token=42&dining=0 HTTP/1.1
','','119.129.95.244','20') [ RunTime:0.000249s ]
NOTIC: [8] Undefined index:  wxgjuid /www/web/weixin2/wx/public_html/admin2/AI9ME/Lib/Action/UserAction.class.php 第 6 行.
NOTIC: [8] Undefined index:  wxgjpwd /www/web/weixin2/wx/public_html/admin2/AI9ME/Lib/Action/UserAction.class.php 第 7 行.
SQL: SHOW COLUMNS FROM `ai9me_user_group` [ RunTime:0.002029s ]
SQL: SELECT * FROM `ai9me_user_group` WHERE ( `id` = 7 ) LIMIT 1   [ RunTime:0.000160s ]
SQL: SHOW COLUMNS FROM `ai9me_users` [ RunTime:0.001565s ]
SQL: SELECT * FROM `ai9me_users` WHERE ( `id` = 20 ) LIMIT 1   [ RunTime:0.000109s ]
SQL: SHOW COLUMNS FROM `ai9me_wxuser` [ RunTime:0.005180s ]
SQL: SELECT `wxname`,`wxid`,`headerpic` FROM `ai9me_wxuser` WHERE ( `token` = '42' ) AND ( `uid` = 20 ) LIMIT 1   [ RunTime:0.000199s ]
SQL: SHOW COLUMNS FROM `ai9me_token_open` [ RunTime:0.000837s ]
SQL: SELECT `queryname` FROM `ai9me_token_open` WHERE ( `token` = '42' ) LIMIT 1   [ RunTime:0.000097s ]
NOTIC: [8] Undefined index:  parentid /www/web/weixin2/wx/public_html/admin2/AI9ME/Lib/Action/User/ProductAction.class.php 第 151 行.
INFO: [ view_template ] --START--
INFO: Run LocationTemplate Behavior [ RunTime:-0.082142s ]
INFO: [ view_template ] --END-- [ RunTime:0.000790s ]
INFO: [ view_parse ] --START--
NOTIC: [8] Undefined variable: set /www/web/weixin2/wx/public_html/admin2/Conf/logs/Cache/User/c6d30fc01570db32206c144e9260c4cb.php 第 28 行.
NOTIC: [8] Undefined variable: set /www/web/weixin2/wx/public_html/admin2/Conf/logs/Cache/User/c6d30fc01570db32206c144e9260c4cb.php 第 35 行.
NOTIC: [8] Undefined variable: set /www/web/weixin2/wx/public_html/admin2/Conf/logs/Cache/User/c6d30fc01570db32206c144e9260c4cb.php 第 39 行.
NOTIC: [8] Undefined variable: set /www/web/weixin2/wx/public_html/admin2/Conf/logs/Cache/User/c6d30fc01570db32206c144e9260c4cb.php 第 44 行.
INFO: Run ParseTemplate Behavior [ RunTime:-0.082973s ]
INFO: [ view_parse ] --END-- [ RunTime:0.028996s ]
INFO: [ view_filter ] --START--
INFO: Run ContentReplace Behavior [ RunTime:-0.112081s ]
INFO: Run TokenBuild Behavior [ RunTime:-0.112594s ]
INFO: Run WriteHtmlCache Behavior [ RunTime:-0.113283s ]
INFO: Run ShowRuntime Behavior [ RunTime:-0.113572s ]
INFO: [ view_filter ] --END-- [ RunTime:0.002042s ]
INFO: [ view_end ] --START--
INFO: Run ShowPageTrace Behavior [ RunTime:-0.114928s ]
INFO: [ view_end ] --END-- [ RunTime:0.001113s ]

[ 2014-01-22T23:57:36+08:00 ] 119.129.95.244 /admin2/index.php?g=Wap&m=Product&a=index&wid=42
INFO: [ app_begin ] --START--
INFO: Run ReadHtmlCache Behavior [ RunTime:0.000718s ]
INFO: [ app_begin ] --END-- [ RunTime:0.003391s ]
SQL: SHOW COLUMNS FROM `ai9me_product` [ RunTime:0.004429s ]
SQL: SHOW COLUMNS FROM `ai9me_product_cat` [ RunTime:0.001170s ]
SQL: SHOW COLUMNS FROM `ai9me_token_open` [ RunTime:0.000906s ]
SQL: SELECT `queryname` FROM `ai9me_token_open` WHERE ( `token` = '42' ) LIMIT 1   [ RunTime:0.000110s ]
INFO: [ view_template ] --START--
INFO: Run LocationTemplate Behavior [ RunTime:-0.061756s ]
INFO: [ view_template ] --END-- [ RunTime:0.000527s ]
INFO: [ view_parse ] --START--
NOTIC: [8] Undefined index:  token /www/web/weixin2/wx/public_html/admin2/Conf/logs/Cache/Wap/76e393a1b5f0be5eda998ae0d000f726.php 第 20 行.
NOTIC: [8] Undefined index:  wecha_id /www/web/weixin2/wx/public_html/admin2/Conf/logs/Cache/Wap/76e393a1b5f0be5eda998ae0d000f726.php 第 20 行.
NOTIC: [8] Undefined variable: isDining /www/web/weixin2/wx/public_html/admin2/Conf/logs/Cache/Wap/76e393a1b5f0be5eda998ae0d000f726.php 第 20 行.
NOTIC: [8] Undefined index:  token /www/web/weixin2/wx/public_html/admin2/Conf/logs/Cache/Wap/76e393a1b5f0be5eda998ae0d000f726.php 第 25 行.
NOTIC: [8] Undefined index:  wecha_id /www/web/weixin2/wx/public_html/admin2/Conf/logs/Cache/Wap/76e393a1b5f0be5eda998ae0d000f726.php 第 25 行.
NOTIC: [8] Undefined variable: isDining /www/web/weixin2/wx/public_html/admin2/Conf/logs/Cache/Wap/76e393a1b5f0be5eda998ae0d000f726.php 第 25 行.
NOTIC: [8] Undefined index:  token /www/web/weixin2/wx/public_html/admin2/Conf/logs/Cache/Wap/76e393a1b5f0be5eda998ae0d000f726.php 第 30 行.
NOTIC: [8] Undefined index:  wecha_id /www/web/weixin2/wx/public_html/admin2/Conf/logs/Cache/Wap/76e393a1b5f0be5eda998ae0d000f726.php 第 30 行.
NOTIC: [8] Undefined variable: isDining /www/web/weixin2/wx/public_html/admin2/Conf/logs/Cache/Wap/76e393a1b5f0be5eda998ae0d000f726.php 第 30 行.
NOTIC: [8] Undefined index:  token /www/web/weixin2/wx/public_html/admin2/Conf/logs/Cache/Wap/76e393a1b5f0be5eda998ae0d000f726.php 第 36 行.
NOTIC: [8] Undefined index:  wecha_id /www/web/weixin2/wx/public_html/admin2/Conf/logs/Cache/Wap/76e393a1b5f0be5eda998ae0d000f726.php 第 36 行.
NOTIC: [8] Undefined variable: isDining /www/web/weixin2/wx/public_html/admin2/Conf/logs/Cache/Wap/76e393a1b5f0be5eda998ae0d000f726.php 第 36 行.
NOTIC: [8] Undefined index:  token /www/web/weixin2/wx/public_html/admin2/Conf/logs/Cache/Wap/76e393a1b5f0be5eda998ae0d000f726.php 第 47 行.
NOTIC: [8] Undefined index:  wecha_id /www/web/weixin2/wx/public_html/admin2/Conf/logs/Cache/Wap/76e393a1b5f0be5eda998ae0d000f726.php 第 47 行.
NOTIC: [8] Undefined variable: isDining /www/web/weixin2/wx/public_html/admin2/Conf/logs/Cache/Wap/76e393a1b5f0be5eda998ae0d000f726.php 第 47 行.
INFO: Run ParseTemplate Behavior [ RunTime:-0.062364s ]
INFO: [ view_parse ] --END-- [ RunTime:0.638408s ]
INFO: [ view_filter ] --START--
INFO: Run ContentReplace Behavior [ RunTime:-0.700888s ]
INFO: Run TokenBuild Behavior [ RunTime:-0.701937s ]
INFO: Run WriteHtmlCache Behavior [ RunTime:-0.702483s ]
INFO: Run ShowRuntime Behavior [ RunTime:-0.702840s ]
INFO: [ view_filter ] --END-- [ RunTime:0.002607s ]
INFO: [ view_end ] --START--
INFO: Run ShowPageTrace Behavior [ RunTime:-0.703659s ]
INFO: [ view_end ] --END-- [ RunTime:0.005856s ]

