00:48:48: {
"Ret": 400,
"ErrMsg": "",
"ShowVerifyCode": 0,
"ErrCode": -4
}
00:49:45: {
"Ret": 302,
"ErrMsg": "/cgi-bin/home?t=home/index&lang=zh_CN&token=1648465111",
"ShowVerifyCode": 0,
"ErrCode": 0
}
09:26:18: {
"Ret": 302,
"ErrMsg": "/cgi-bin/home?t=home/index&lang=zh_CN&token=547343448",
"ShowVerifyCode": 0,
"ErrCode": 0
}
09:26:56: {
"Ret": 302,
"ErrMsg": "/cgi-bin/home?t=home/index&lang=zh_CN&token=342805783",
"ShowVerifyCode": 0,
"ErrCode": 0
}
15:28:25: {
"Ret": 400,
"ErrMsg": "",
"ShowVerifyCode": 0,
"ErrCode": -3
}
15:56:13: {
"Ret": 302,
"ErrMsg": "/cgi-bin/home?t=home/index&lang=zh_CN&token=917055742",
"ShowVerifyCode": 0,
"ErrCode": 0
}
18:16:03: {
"Ret": 302,
"ErrMsg": "/cgi-bin/home?t=home/index&lang=zh_CN&token=898770509",
"ShowVerifyCode": 0,
"ErrCode": 0
}
18:16:05: {
"Ret": 302,
"ErrMsg": "/cgi-bin/home?t=home/index&lang=zh_CN&token=898770509",
"ShowVerifyCode": 0,
"ErrCode": 0
}
21:30:28: {
"Ret": 302,
"ErrMsg": "/cgi-bin/home?t=home/index&lang=zh_CN&token=2053658398",
"ShowVerifyCode": 0,
"ErrCode": 0
}
21:57:29: {
"Ret": 302,
"ErrMsg": "/cgi-bin/home?t=home/index&lang=zh_CN&token=1153258520",
"ShowVerifyCode": 0,
"ErrCode": 0
}
21:59:22: {
"Ret": 302,
"ErrMsg": "/cgi-bin/home?t=home/index&lang=zh_CN&token=1153258520",
"ShowVerifyCode": 0,
"ErrCode": 0
}
22:11:01: {
"Ret": 302,
"ErrMsg": "/cgi-bin/home?t=home/index&lang=zh_CN&token=922419013",
"ShowVerifyCode": 0,
"ErrCode": 0
}
22:11:04: {
"Ret": 302,
"ErrMsg": "/cgi-bin/home?t=home/index&lang=zh_CN&token=922419013",
"ShowVerifyCode": 0,
"ErrCode": 0
}
