00:17:20: {
"Ret": 302,
"ErrMsg": "/cgi-bin/home?t=home/index&lang=zh_CN&token=274080965",
"ShowVerifyCode": 0,
"ErrCode": 0
}
11:50:34: {
"Ret": 302,
"ErrMsg": "/cgi-bin/home?t=home/index&lang=zh_CN&token=1181277078",
"ShowVerifyCode": 0,
"ErrCode": 0
}
11:50:51: {
"Ret": 302,
"ErrMsg": "/cgi-bin/home?t=home/index&lang=zh_CN&token=1181277078",
"ShowVerifyCode": 0,
"ErrCode": 0
}
11:51:09: {
"Ret": 302,
"ErrMsg": "/cgi-bin/home?t=home/index&lang=zh_CN&token=1181277078",
"ShowVerifyCode": 0,
"ErrCode": 0
}
11:51:32: {
"Ret": 302,
"ErrMsg": "/cgi-bin/home?t=home/index&lang=zh_CN&token=1181277078",
"ShowVerifyCode": 0,
"ErrCode": 0
}
14:08:21: {
"Ret": 400,
"ErrMsg": "",
"ShowVerifyCode": 0,
"ErrCode": -3
}
14:09:05: {
"Ret": 302,
"ErrMsg": "/cgi-bin/home?t=home/index&lang=zh_CN&token=992622723",
"ShowVerifyCode": 0,
"ErrCode": 0
}
15:06:04: {
"Ret": 302,
"ErrMsg": "/cgi-bin/home?t=home/index&lang=zh_CN&token=2031975228",
"ShowVerifyCode": 0,
"ErrCode": 0
}
15:36:40: {
"Ret": 302,
"ErrMsg": "/cgi-bin/home?t=home/index&lang=zh_CN&token=1171121055",
"ShowVerifyCode": 0,
"ErrCode": 0
}
17:30:22: {
"Ret": 302,
"ErrMsg": "/cgi-bin/home?t=home/index&lang=zh_CN&token=758140554",
"ShowVerifyCode": 0,
"ErrCode": 0
}
18:08:13: {
"Ret": 302,
"ErrMsg": "/cgi-bin/home?t=home/index&lang=zh_CN&token=942577358",
"ShowVerifyCode": 0,
"ErrCode": 0
}
19:59:26: {
"Ret": 302,
"ErrMsg": "/cgi-bin/home?t=home/index&lang=zh_CN&token=1794475547",
"ShowVerifyCode": 0,
"ErrCode": 0
}
20:08:37: {
"Ret": 400,
"ErrMsg": "",
"ShowVerifyCode": 0,
"ErrCode": -4
}
20:08:50: {
"Ret": 302,
"ErrMsg": "/cgi-bin/home?t=home/index&lang=zh_CN&token=875655935",
"ShowVerifyCode": 0,
"ErrCode": 0
}
20:52:27: {
"Ret": 302,
"ErrMsg": "/cgi-bin/home?t=home/index&lang=zh_CN&token=641975409",
"ShowVerifyCode": 0,
"ErrCode": 0
}
21:06:33: {
"Ret": 302,
"ErrMsg": "/cgi-bin/home?t=home/index&lang=zh_CN&token=733586682",
"ShowVerifyCode": 0,
"ErrCode": 0
}
23:03:00: {
"Ret": 400,
"ErrMsg": "",
"ShowVerifyCode": 0,
"ErrCode": -4
}
23:03:19: {
"Ret": 302,
"ErrMsg": "/cgi-bin/home?t=home/index&lang=zh_CN&token=105969060",
"ShowVerifyCode": 0,
"ErrCode": 0
}
