00:24:53: {
"Ret": 400,
"ErrMsg": "",
"ShowVerifyCode": 0,
"ErrCode": -4
}
00:26:02: {
"Ret": 400,
"ErrMsg": "",
"ShowVerifyCode": 0,
"ErrCode": -4
}
00:26:19: {
"Ret": 302,
"ErrMsg": "/cgi-bin/home?t=home/index&lang=zh_CN&token=1978056355",
"ShowVerifyCode": 0,
"ErrCode": 0
}
10:42:36: {
"Ret": 302,
"ErrMsg": "/cgi-bin/home?t=home/index&lang=zh_CN&token=767657028",
"ShowVerifyCode": 0,
"ErrCode": 0
}
10:42:38: {
"Ret": 302,
"ErrMsg": "/cgi-bin/home?t=home/index&lang=zh_CN&token=767657028",
"ShowVerifyCode": 0,
"ErrCode": 0
}
14:36:31: {
"Ret": 302,
"ErrMsg": "/cgi-bin/home?t=home/index&lang=zh_CN&token=1728494024",
"ShowVerifyCode": 0,
"ErrCode": 0
}
20:38:28: {
"Ret": 400,
"ErrMsg": "",
"ShowVerifyCode": 0,
"ErrCode": -3
}
21:05:02: {
"Ret": 302,
"ErrMsg": "/cgi-bin/home?t=home/index&lang=zh_CN&token=1744257116",
"ShowVerifyCode": 0,
"ErrCode": 0
}
21:45:09: {
"Ret": 302,
"ErrMsg": "/cgi-bin/home?t=home/index&lang=zh_CN&token=1369711625",
"ShowVerifyCode": 0,
"ErrCode": 0
}
21:48:49: {
"Ret": 302,
"ErrMsg": "/cgi-bin/home?t=home/index&lang=zh_CN&token=1369711625",
"ShowVerifyCode": 0,
"ErrCode": 0
}
