09:38:49: {
"Ret": 302,
"ErrMsg": "/cgi-bin/home?t=home/index&lang=zh_CN&token=1488454516",
"ShowVerifyCode": 0,
"ErrCode": 0
}
15:16:23: {
"Ret": 302,
"ErrMsg": "/cgi-bin/home?t=home/index&lang=zh_CN&token=55782051",
"ShowVerifyCode": 0,
"ErrCode": 0
}
17:22:14: Table 'weixin.micro_hk' doesn't exist：show full fields from `micro_hk`
17:22:14: Table 'weixin.micro_hk' doesn't exist：show full fields from `micro_hk`
17:22:14: Table 'weixin.micro_hk' doesn't exist：select `` from `micro_hk` where `wid`='69' limit 1
17:23:42: Table 'weixin.micro_hk' doesn't exist：show full fields from `micro_hk`
17:23:42: Table 'weixin.micro_hk' doesn't exist：show full fields from `micro_hk`
17:23:42: Table 'weixin.micro_hk' doesn't exist：select `` from `micro_hk` where `wid`='69' limit 1
17:27:01: Table 'weixin.micro_hk' doesn't exist：show full fields from `micro_hk`
17:27:01: Table 'weixin.micro_hk' doesn't exist：show full fields from `micro_hk`
17:27:01: Table 'weixin.micro_hk' doesn't exist：select `` from `micro_hk` where `wid`='69' limit 1
17:28:12: Table 'weixin.micro_hk' doesn't exist：show full fields from `micro_hk`
17:28:12: Table 'weixin.micro_hk' doesn't exist：show full fields from `micro_hk`
17:28:12: Table 'weixin.micro_hk' doesn't exist：select `` from `micro_hk` where `wid`='69' limit 1
17:28:22: Table 'weixin.micro_hk' doesn't exist：show full fields from `micro_hk`
17:28:22: Table 'weixin.micro_hk' doesn't exist：show full fields from `micro_hk`
17:28:22: Table 'weixin.micro_hk' doesn't exist：select `` from `micro_hk` where `wid`='69' limit 1
17:38:21: Table 'weixin.micro_hk' doesn't exist：show full fields from `micro_hk`
17:38:21: Table 'weixin.micro_hk' doesn't exist：show full fields from `micro_hk`
17:38:21: Table 'weixin.micro_hk' doesn't exist：select `` from `micro_hk` where `wid`='69' limit 1
17:38:50: Table 'weixin.micro_hk' doesn't exist：show full fields from `micro_hk`
17:38:50: Table 'weixin.micro_hk' doesn't exist：show full fields from `micro_hk`
17:38:50: Table 'weixin.micro_hk' doesn't exist：select `` from `micro_hk` where `wid`='69' limit 1
19:31:04: Table 'weixin.micro_hk' doesn't exist：show full fields from `micro_hk`
19:31:04: Table 'weixin.micro_hk' doesn't exist：show full fields from `micro_hk`
19:31:04: Table 'weixin.micro_hk' doesn't exist：select `` from `micro_hk` where `wid`='154' limit 1
19:31:26: Incorrect table name ''：show full fields from ``
19:31:26: Incorrect table name ''：show full fields from ``
19:31:26: Incorrect table name ''：select id,name from `` where pid=''
20:21:11: {
"Ret": 400,
"ErrMsg": "",
"ShowVerifyCode": 0,
"ErrCode": -3
}
20:21:19: {
"Ret": 400,
"ErrMsg": "",
"ShowVerifyCode": 0,
"ErrCode": -3
}
20:21:40: {
"Ret": 302,
"ErrMsg": "/cgi-bin/home?t=home/index&lang=zh_CN&token=1124730462",
"ShowVerifyCode": 0,
"ErrCode": 0
}
20:39:50: Table 'weixin.micro_hk' doesn't exist：show full fields from `micro_hk`
20:39:50: Table 'weixin.micro_hk' doesn't exist：show full fields from `micro_hk`
20:39:50: Table 'weixin.micro_hk' doesn't exist：select `` from `micro_hk` where `wid`='156' limit 1
20:58:58: Table 'weixin.micro_hk' doesn't exist：show full fields from `micro_hk`
20:58:58: Table 'weixin.micro_hk' doesn't exist：show full fields from `micro_hk`
20:58:58: Table 'weixin.micro_hk' doesn't exist：select `` from `micro_hk` where `wid`='157' limit 1
21:16:36: {
"Ret": 302,
"ErrMsg": "/cgi-bin/home?t=home/index&lang=zh_CN&token=590951703",
"ShowVerifyCode": 0,
"ErrCode": 0
}
